INFO - 2024-11-28 21:07:20 --> Session: Class initialized using 'CodeIgniter\Session\Handlers\FileHandler' driver.
INFO - 2024-11-28 21:07:26 --> Session: Class initialized using 'CodeIgniter\Session\Handlers\FileHandler' driver.
INFO - 2024-11-28 21:07:27 --> Session: Class initialized using 'CodeIgniter\Session\Handlers\FileHandler' driver.
WARNING - 2024-11-28 21:07:31 --> [DEPRECATED] Creation of dynamic property App\Controllers\Usuarios::$validation is deprecated in APPPATH\Controllers\usuarios.php on line 17.
 1 SYSTEMPATH\CodeIgniter.php(903): App\Controllers\Usuarios->__construct()
 2 SYSTEMPATH\CodeIgniter.php(500): CodeIgniter\CodeIgniter->createController()
 3 SYSTEMPATH\CodeIgniter.php(355): CodeIgniter\CodeIgniter->handleRequest(null, Object(Config\Cache), false)
 4 SYSTEMPATH\Boot.php(325): CodeIgniter\CodeIgniter->run()
 5 SYSTEMPATH\Boot.php(67): CodeIgniter\Boot::runCodeIgniter(Object(CodeIgniter\CodeIgniter))
 6 FCPATH\index.php(56): CodeIgniter\Boot::bootWeb(Object(Config\Paths))
INFO - 2024-11-28 21:07:31 --> Session: Class initialized using 'CodeIgniter\Session\Handlers\FileHandler' driver.
WARNING - 2024-11-28 21:07:50 --> [DEPRECATED] Creation of dynamic property App\Controllers\Usuarios::$validation is deprecated in APPPATH\Controllers\usuarios.php on line 17.
 1 SYSTEMPATH\CodeIgniter.php(903): App\Controllers\Usuarios->__construct()
 2 SYSTEMPATH\CodeIgniter.php(500): CodeIgniter\CodeIgniter->createController()
 3 SYSTEMPATH\CodeIgniter.php(355): CodeIgniter\CodeIgniter->handleRequest(null, Object(Config\Cache), false)
 4 SYSTEMPATH\Boot.php(325): CodeIgniter\CodeIgniter->run()
 5 SYSTEMPATH\Boot.php(67): CodeIgniter\Boot::runCodeIgniter(Object(CodeIgniter\CodeIgniter))
 6 FCPATH\index.php(56): CodeIgniter\Boot::bootWeb(Object(Config\Paths))
INFO - 2024-11-28 21:07:50 --> Session: Class initialized using 'CodeIgniter\Session\Handlers\FileHandler' driver.
WARNING - 2024-11-28 21:07:50 --> [DEPRECATED] Creation of dynamic property App\Controllers\Usuarios::$validation is deprecated in APPPATH\Controllers\usuarios.php on line 17.
 1 SYSTEMPATH\CodeIgniter.php(903): App\Controllers\Usuarios->__construct()
 2 SYSTEMPATH\CodeIgniter.php(500): CodeIgniter\CodeIgniter->createController()
 3 SYSTEMPATH\CodeIgniter.php(355): CodeIgniter\CodeIgniter->handleRequest(null, Object(Config\Cache), false)
 4 SYSTEMPATH\Boot.php(325): CodeIgniter\CodeIgniter->run()
 5 SYSTEMPATH\Boot.php(67): CodeIgniter\Boot::runCodeIgniter(Object(CodeIgniter\CodeIgniter))
 6 FCPATH\index.php(56): CodeIgniter\Boot::bootWeb(Object(Config\Paths))
INFO - 2024-11-28 21:07:50 --> Session: Class initialized using 'CodeIgniter\Session\Handlers\FileHandler' driver.
WARNING - 2024-11-28 21:07:59 --> [DEPRECATED] Creation of dynamic property App\Controllers\Usuarios::$validation is deprecated in APPPATH\Controllers\usuarios.php on line 17.
 1 SYSTEMPATH\CodeIgniter.php(903): App\Controllers\Usuarios->__construct()
 2 SYSTEMPATH\CodeIgniter.php(500): CodeIgniter\CodeIgniter->createController()
 3 SYSTEMPATH\CodeIgniter.php(355): CodeIgniter\CodeIgniter->handleRequest(null, Object(Config\Cache), false)
 4 SYSTEMPATH\Boot.php(325): CodeIgniter\CodeIgniter->run()
 5 SYSTEMPATH\Boot.php(67): CodeIgniter\Boot::runCodeIgniter(Object(CodeIgniter\CodeIgniter))
 6 FCPATH\index.php(56): CodeIgniter\Boot::bootWeb(Object(Config\Paths))
INFO - 2024-11-28 21:07:59 --> Session: Class initialized using 'CodeIgniter\Session\Handlers\FileHandler' driver.
WARNING - 2024-11-28 21:07:59 --> [DEPRECATED] Creation of dynamic property App\Controllers\Usuarios::$validation is deprecated in APPPATH\Controllers\usuarios.php on line 17.
 1 SYSTEMPATH\CodeIgniter.php(903): App\Controllers\Usuarios->__construct()
 2 SYSTEMPATH\CodeIgniter.php(500): CodeIgniter\CodeIgniter->createController()
 3 SYSTEMPATH\CodeIgniter.php(355): CodeIgniter\CodeIgniter->handleRequest(null, Object(Config\Cache), false)
 4 SYSTEMPATH\Boot.php(325): CodeIgniter\CodeIgniter->run()
 5 SYSTEMPATH\Boot.php(67): CodeIgniter\Boot::runCodeIgniter(Object(CodeIgniter\CodeIgniter))
 6 FCPATH\index.php(56): CodeIgniter\Boot::bootWeb(Object(Config\Paths))
INFO - 2024-11-28 21:08:00 --> Session: Class initialized using 'CodeIgniter\Session\Handlers\FileHandler' driver.
INFO - 2024-11-28 21:09:34 --> Session: Class initialized using 'CodeIgniter\Session\Handlers\FileHandler' driver.
INFO - 2024-11-28 21:29:15 --> Session: Class initialized using 'CodeIgniter\Session\Handlers\FileHandler' driver.
INFO - 2024-11-28 21:29:15 --> Session: Class initialized using 'CodeIgniter\Session\Handlers\FileHandler' driver.
INFO - 2024-11-28 21:29:20 --> Session: Class initialized using 'CodeIgniter\Session\Handlers\FileHandler' driver.
INFO - 2024-11-28 21:29:20 --> Session: Class initialized using 'CodeIgniter\Session\Handlers\FileHandler' driver.
INFO - 2024-11-28 21:29:25 --> Session: Class initialized using 'CodeIgniter\Session\Handlers\FileHandler' driver.
INFO - 2024-11-28 21:33:59 --> Session: Class initialized using 'CodeIgniter\Session\Handlers\FileHandler' driver.
INFO - 2024-11-28 21:33:59 --> Session: Class initialized using 'CodeIgniter\Session\Handlers\FileHandler' driver.
INFO - 2024-11-28 21:34:05 --> Session: Class initialized using 'CodeIgniter\Session\Handlers\FileHandler' driver.
INFO - 2024-11-28 21:34:05 --> Session: Class initialized using 'CodeIgniter\Session\Handlers\FileHandler' driver.
WARNING - 2024-11-28 21:34:14 --> [DEPRECATED] Creation of dynamic property App\Controllers\Usuarios::$validation is deprecated in APPPATH\Controllers\usuarios.php on line 17.
 1 SYSTEMPATH\CodeIgniter.php(903): App\Controllers\Usuarios->__construct()
 2 SYSTEMPATH\CodeIgniter.php(500): CodeIgniter\CodeIgniter->createController()
 3 SYSTEMPATH\CodeIgniter.php(355): CodeIgniter\CodeIgniter->handleRequest(null, Object(Config\Cache), false)
 4 SYSTEMPATH\Boot.php(325): CodeIgniter\CodeIgniter->run()
 5 SYSTEMPATH\Boot.php(67): CodeIgniter\Boot::runCodeIgniter(Object(CodeIgniter\CodeIgniter))
 6 FCPATH\index.php(56): CodeIgniter\Boot::bootWeb(Object(Config\Paths))
CRITICAL - 2024-11-28 21:34:14 --> ErrorException: Undefined variable $db
[Method: GET, Route: usuarios]
in APPPATH\Models\UsuarioModel.php on line 22.
 1 APPPATH\Models\UsuarioModel.php(22): CodeIgniter\Debug\Exceptions->errorHandler(2, 'Undefined variable $db', 'C:\\xampp\\htdocs\\biblioteca\\app\\Models\\UsuarioModel.php', 22)
 2 APPPATH\Controllers\usuarios.php(24): App\Models\UsuarioModel->obtenerUsuarios()
 3 SYSTEMPATH\CodeIgniter.php(933): App\Controllers\Usuarios->index()
 4 SYSTEMPATH\CodeIgniter.php(509): CodeIgniter\CodeIgniter->runController(Object(App\Controllers\Usuarios))
 5 SYSTEMPATH\CodeIgniter.php(355): CodeIgniter\CodeIgniter->handleRequest(null, Object(Config\Cache), false)
 6 SYSTEMPATH\Boot.php(325): CodeIgniter\CodeIgniter->run()
 7 SYSTEMPATH\Boot.php(67): CodeIgniter\Boot::runCodeIgniter(Object(CodeIgniter\CodeIgniter))
 8 FCPATH\index.php(56): CodeIgniter\Boot::bootWeb(Object(Config\Paths))
WARNING - 2024-11-28 21:34:41 --> [DEPRECATED] Creation of dynamic property App\Controllers\Usuarios::$validation is deprecated in APPPATH\Controllers\usuarios.php on line 17.
 1 SYSTEMPATH\CodeIgniter.php(903): App\Controllers\Usuarios->__construct()
 2 SYSTEMPATH\CodeIgniter.php(500): CodeIgniter\CodeIgniter->createController()
 3 SYSTEMPATH\CodeIgniter.php(355): CodeIgniter\CodeIgniter->handleRequest(null, Object(Config\Cache), false)
 4 SYSTEMPATH\Boot.php(325): CodeIgniter\CodeIgniter->run()
 5 SYSTEMPATH\Boot.php(67): CodeIgniter\Boot::runCodeIgniter(Object(CodeIgniter\CodeIgniter))
 6 FCPATH\index.php(56): CodeIgniter\Boot::bootWeb(Object(Config\Paths))
CRITICAL - 2024-11-28 21:34:41 --> ErrorException: Undefined variable $builder
[Method: GET, Route: usuarios]
in APPPATH\Models\UsuarioModel.php on line 22.
 1 APPPATH\Models\UsuarioModel.php(22): CodeIgniter\Debug\Exceptions->errorHandler(2, 'Undefined variable $builder', 'C:\\xampp\\htdocs\\biblioteca\\app\\Models\\UsuarioModel.php', 22)
 2 APPPATH\Controllers\usuarios.php(24): App\Models\UsuarioModel->obtenerUsuarios()
 3 SYSTEMPATH\CodeIgniter.php(933): App\Controllers\Usuarios->index()
 4 SYSTEMPATH\CodeIgniter.php(509): CodeIgniter\CodeIgniter->runController(Object(App\Controllers\Usuarios))
 5 SYSTEMPATH\CodeIgniter.php(355): CodeIgniter\CodeIgniter->handleRequest(null, Object(Config\Cache), false)
 6 SYSTEMPATH\Boot.php(325): CodeIgniter\CodeIgniter->run()
 7 SYSTEMPATH\Boot.php(67): CodeIgniter\Boot::runCodeIgniter(Object(CodeIgniter\CodeIgniter))
 8 FCPATH\index.php(56): CodeIgniter\Boot::bootWeb(Object(Config\Paths))
WARNING - 2024-11-28 21:37:12 --> [DEPRECATED] Creation of dynamic property App\Controllers\Usuarios::$validation is deprecated in APPPATH\Controllers\usuarios.php on line 17.
 1 SYSTEMPATH\CodeIgniter.php(903): App\Controllers\Usuarios->__construct()
 2 SYSTEMPATH\CodeIgniter.php(500): CodeIgniter\CodeIgniter->createController()
 3 SYSTEMPATH\CodeIgniter.php(355): CodeIgniter\CodeIgniter->handleRequest(null, Object(Config\Cache), false)
 4 SYSTEMPATH\Boot.php(325): CodeIgniter\CodeIgniter->run()
 5 SYSTEMPATH\Boot.php(67): CodeIgniter\Boot::runCodeIgniter(Object(CodeIgniter\CodeIgniter))
 6 FCPATH\index.php(56): CodeIgniter\Boot::bootWeb(Object(Config\Paths))
CRITICAL - 2024-11-28 21:37:12 --> ErrorException: Undefined variable $builder
[Method: GET, Route: usuarios]
in APPPATH\Models\UsuarioModel.php on line 22.
 1 APPPATH\Models\UsuarioModel.php(22): CodeIgniter\Debug\Exceptions->errorHandler(2, 'Undefined variable $builder', 'C:\\xampp\\htdocs\\biblioteca\\app\\Models\\UsuarioModel.php', 22)
 2 APPPATH\Controllers\usuarios.php(24): App\Models\UsuarioModel->obtenerUsuarios()
 3 SYSTEMPATH\CodeIgniter.php(933): App\Controllers\Usuarios->index()
 4 SYSTEMPATH\CodeIgniter.php(509): CodeIgniter\CodeIgniter->runController(Object(App\Controllers\Usuarios))
 5 SYSTEMPATH\CodeIgniter.php(355): CodeIgniter\CodeIgniter->handleRequest(null, Object(Config\Cache), false)
 6 SYSTEMPATH\Boot.php(325): CodeIgniter\CodeIgniter->run()
 7 SYSTEMPATH\Boot.php(67): CodeIgniter\Boot::runCodeIgniter(Object(CodeIgniter\CodeIgniter))
 8 FCPATH\index.php(56): CodeIgniter\Boot::bootWeb(Object(Config\Paths))
WARNING - 2024-11-28 21:37:15 --> [DEPRECATED] Creation of dynamic property App\Controllers\Usuarios::$validation is deprecated in APPPATH\Controllers\usuarios.php on line 17.
 1 SYSTEMPATH\CodeIgniter.php(903): App\Controllers\Usuarios->__construct()
 2 SYSTEMPATH\CodeIgniter.php(500): CodeIgniter\CodeIgniter->createController()
 3 SYSTEMPATH\CodeIgniter.php(355): CodeIgniter\CodeIgniter->handleRequest(null, Object(Config\Cache), false)
 4 SYSTEMPATH\Boot.php(325): CodeIgniter\CodeIgniter->run()
 5 SYSTEMPATH\Boot.php(67): CodeIgniter\Boot::runCodeIgniter(Object(CodeIgniter\CodeIgniter))
 6 FCPATH\index.php(56): CodeIgniter\Boot::bootWeb(Object(Config\Paths))
CRITICAL - 2024-11-28 21:37:15 --> ErrorException: Undefined variable $builder
[Method: GET, Route: usuarios]
in APPPATH\Models\UsuarioModel.php on line 22.
 1 APPPATH\Models\UsuarioModel.php(22): CodeIgniter\Debug\Exceptions->errorHandler(2, 'Undefined variable $builder', 'C:\\xampp\\htdocs\\biblioteca\\app\\Models\\UsuarioModel.php', 22)
 2 APPPATH\Controllers\usuarios.php(24): App\Models\UsuarioModel->obtenerUsuarios()
 3 SYSTEMPATH\CodeIgniter.php(933): App\Controllers\Usuarios->index()
 4 SYSTEMPATH\CodeIgniter.php(509): CodeIgniter\CodeIgniter->runController(Object(App\Controllers\Usuarios))
 5 SYSTEMPATH\CodeIgniter.php(355): CodeIgniter\CodeIgniter->handleRequest(null, Object(Config\Cache), false)
 6 SYSTEMPATH\Boot.php(325): CodeIgniter\CodeIgniter->run()
 7 SYSTEMPATH\Boot.php(67): CodeIgniter\Boot::runCodeIgniter(Object(CodeIgniter\CodeIgniter))
 8 FCPATH\index.php(56): CodeIgniter\Boot::bootWeb(Object(Config\Paths))
WARNING - 2024-11-28 21:37:15 --> [DEPRECATED] Creation of dynamic property App\Controllers\Usuarios::$validation is deprecated in APPPATH\Controllers\usuarios.php on line 17.
 1 SYSTEMPATH\CodeIgniter.php(903): App\Controllers\Usuarios->__construct()
 2 SYSTEMPATH\CodeIgniter.php(500): CodeIgniter\CodeIgniter->createController()
 3 SYSTEMPATH\CodeIgniter.php(355): CodeIgniter\CodeIgniter->handleRequest(null, Object(Config\Cache), false)
 4 SYSTEMPATH\Boot.php(325): CodeIgniter\CodeIgniter->run()
 5 SYSTEMPATH\Boot.php(67): CodeIgniter\Boot::runCodeIgniter(Object(CodeIgniter\CodeIgniter))
 6 FCPATH\index.php(56): CodeIgniter\Boot::bootWeb(Object(Config\Paths))
CRITICAL - 2024-11-28 21:37:15 --> ErrorException: Undefined variable $builder
[Method: GET, Route: usuarios]
in APPPATH\Models\UsuarioModel.php on line 22.
 1 APPPATH\Models\UsuarioModel.php(22): CodeIgniter\Debug\Exceptions->errorHandler(2, 'Undefined variable $builder', 'C:\\xampp\\htdocs\\biblioteca\\app\\Models\\UsuarioModel.php', 22)
 2 APPPATH\Controllers\usuarios.php(24): App\Models\UsuarioModel->obtenerUsuarios()
 3 SYSTEMPATH\CodeIgniter.php(933): App\Controllers\Usuarios->index()
 4 SYSTEMPATH\CodeIgniter.php(509): CodeIgniter\CodeIgniter->runController(Object(App\Controllers\Usuarios))
 5 SYSTEMPATH\CodeIgniter.php(355): CodeIgniter\CodeIgniter->handleRequest(null, Object(Config\Cache), false)
 6 SYSTEMPATH\Boot.php(325): CodeIgniter\CodeIgniter->run()
 7 SYSTEMPATH\Boot.php(67): CodeIgniter\Boot::runCodeIgniter(Object(CodeIgniter\CodeIgniter))
 8 FCPATH\index.php(56): CodeIgniter\Boot::bootWeb(Object(Config\Paths))
WARNING - 2024-11-28 21:37:16 --> [DEPRECATED] Creation of dynamic property App\Controllers\Usuarios::$validation is deprecated in APPPATH\Controllers\usuarios.php on line 17.
 1 SYSTEMPATH\CodeIgniter.php(903): App\Controllers\Usuarios->__construct()
 2 SYSTEMPATH\CodeIgniter.php(500): CodeIgniter\CodeIgniter->createController()
 3 SYSTEMPATH\CodeIgniter.php(355): CodeIgniter\CodeIgniter->handleRequest(null, Object(Config\Cache), false)
 4 SYSTEMPATH\Boot.php(325): CodeIgniter\CodeIgniter->run()
 5 SYSTEMPATH\Boot.php(67): CodeIgniter\Boot::runCodeIgniter(Object(CodeIgniter\CodeIgniter))
 6 FCPATH\index.php(56): CodeIgniter\Boot::bootWeb(Object(Config\Paths))
CRITICAL - 2024-11-28 21:37:16 --> ErrorException: Undefined variable $builder
[Method: GET, Route: usuarios]
in APPPATH\Models\UsuarioModel.php on line 22.
 1 APPPATH\Models\UsuarioModel.php(22): CodeIgniter\Debug\Exceptions->errorHandler(2, 'Undefined variable $builder', 'C:\\xampp\\htdocs\\biblioteca\\app\\Models\\UsuarioModel.php', 22)
 2 APPPATH\Controllers\usuarios.php(24): App\Models\UsuarioModel->obtenerUsuarios()
 3 SYSTEMPATH\CodeIgniter.php(933): App\Controllers\Usuarios->index()
 4 SYSTEMPATH\CodeIgniter.php(509): CodeIgniter\CodeIgniter->runController(Object(App\Controllers\Usuarios))
 5 SYSTEMPATH\CodeIgniter.php(355): CodeIgniter\CodeIgniter->handleRequest(null, Object(Config\Cache), false)
 6 SYSTEMPATH\Boot.php(325): CodeIgniter\CodeIgniter->run()
 7 SYSTEMPATH\Boot.php(67): CodeIgniter\Boot::runCodeIgniter(Object(CodeIgniter\CodeIgniter))
 8 FCPATH\index.php(56): CodeIgniter\Boot::bootWeb(Object(Config\Paths))
INFO - 2024-11-28 21:37:17 --> Session: Class initialized using 'CodeIgniter\Session\Handlers\FileHandler' driver.
INFO - 2024-11-28 21:37:18 --> Session: Class initialized using 'CodeIgniter\Session\Handlers\FileHandler' driver.
CRITICAL - 2024-11-28 21:37:18 --> ErrorException: Undefined variable $db
[Method: GET, Route: libros]
in APPPATH\Models\LibroModel.php on line 17.
 1 APPPATH\Models\LibroModel.php(17): CodeIgniter\Debug\Exceptions->errorHandler(2, 'Undefined variable $db', 'C:\\xampp\\htdocs\\biblioteca\\app\\Models\\LibroModel.php', 17)
 2 APPPATH\Controllers\Libros.php(20): App\Models\LibroModel->getAllLibros()
 3 SYSTEMPATH\CodeIgniter.php(933): App\Controllers\Libros->index()
 4 SYSTEMPATH\CodeIgniter.php(509): CodeIgniter\CodeIgniter->runController(Object(App\Controllers\Libros))
 5 SYSTEMPATH\CodeIgniter.php(355): CodeIgniter\CodeIgniter->handleRequest(null, Object(Config\Cache), false)
 6 SYSTEMPATH\Boot.php(325): CodeIgniter\CodeIgniter->run()
 7 SYSTEMPATH\Boot.php(67): CodeIgniter\Boot::runCodeIgniter(Object(CodeIgniter\CodeIgniter))
 8 FCPATH\index.php(56): CodeIgniter\Boot::bootWeb(Object(Config\Paths))
INFO - 2024-11-28 21:38:15 --> Session: Class initialized using 'CodeIgniter\Session\Handlers\FileHandler' driver.
CRITICAL - 2024-11-28 21:38:15 --> ErrorException: Undefined variable $builder
[Method: GET, Route: libros]
in APPPATH\Models\LibroModel.php on line 17.
 1 APPPATH\Models\LibroModel.php(17): CodeIgniter\Debug\Exceptions->errorHandler(2, 'Undefined variable $builder', 'C:\\xampp\\htdocs\\biblioteca\\app\\Models\\LibroModel.php', 17)
 2 APPPATH\Controllers\Libros.php(20): App\Models\LibroModel->getAllLibros()
 3 SYSTEMPATH\CodeIgniter.php(933): App\Controllers\Libros->index()
 4 SYSTEMPATH\CodeIgniter.php(509): CodeIgniter\CodeIgniter->runController(Object(App\Controllers\Libros))
 5 SYSTEMPATH\CodeIgniter.php(355): CodeIgniter\CodeIgniter->handleRequest(null, Object(Config\Cache), false)
 6 SYSTEMPATH\Boot.php(325): CodeIgniter\CodeIgniter->run()
 7 SYSTEMPATH\Boot.php(67): CodeIgniter\Boot::runCodeIgniter(Object(CodeIgniter\CodeIgniter))
 8 FCPATH\index.php(56): CodeIgniter\Boot::bootWeb(Object(Config\Paths))
INFO - 2024-11-28 21:43:36 --> Session: Class initialized using 'CodeIgniter\Session\Handlers\FileHandler' driver.
CRITICAL - 2024-11-28 21:43:36 --> ErrorException: Undefined array key "genero"
[Method: GET, Route: libros]
in APPPATH\Views\libros.php on line 28.
 1 APPPATH\Views\libros.php(28): CodeIgniter\Debug\Exceptions->errorHandler(2, 'Undefined array key "genero"', 'C:\\xampp\\htdocs\\biblioteca\\app\\Views\\libros.php', 28)
 2 SYSTEMPATH\View\View.php(234): include('C:\\xampp\\htdocs\\biblioteca\\app\\Views\\libros.php')
 3 SYSTEMPATH\View\View.php(237): CodeIgniter\View\View->CodeIgniter\View\{closure}()
 4 SYSTEMPATH\Common.php(1171): CodeIgniter\View\View->render('libros', [], true)
 5 APPPATH\Controllers\Libros.php(21): view('libros', [...])
 6 SYSTEMPATH\CodeIgniter.php(933): App\Controllers\Libros->index()
 7 SYSTEMPATH\CodeIgniter.php(509): CodeIgniter\CodeIgniter->runController(Object(App\Controllers\Libros))
 8 SYSTEMPATH\CodeIgniter.php(355): CodeIgniter\CodeIgniter->handleRequest(null, Object(Config\Cache), false)
 9 SYSTEMPATH\Boot.php(325): CodeIgniter\CodeIgniter->run()
10 SYSTEMPATH\Boot.php(67): CodeIgniter\Boot::runCodeIgniter(Object(CodeIgniter\CodeIgniter))
11 FCPATH\index.php(56): CodeIgniter\Boot::bootWeb(Object(Config\Paths))
INFO - 2024-11-28 21:50:31 --> Session: Class initialized using 'CodeIgniter\Session\Handlers\FileHandler' driver.
WARNING - 2024-11-28 21:52:36 --> [DEPRECATED] Creation of dynamic property App\Controllers\Usuarios::$validation is deprecated in APPPATH\Controllers\usuarios.php on line 17.
 1 SYSTEMPATH\CodeIgniter.php(903): App\Controllers\Usuarios->__construct()
 2 SYSTEMPATH\CodeIgniter.php(500): CodeIgniter\CodeIgniter->createController()
 3 SYSTEMPATH\CodeIgniter.php(355): CodeIgniter\CodeIgniter->handleRequest(null, Object(Config\Cache), false)
 4 SYSTEMPATH\Boot.php(325): CodeIgniter\CodeIgniter->run()
 5 SYSTEMPATH\Boot.php(67): CodeIgniter\Boot::runCodeIgniter(Object(CodeIgniter\CodeIgniter))
 6 FCPATH\index.php(56): CodeIgniter\Boot::bootWeb(Object(Config\Paths))
CRITICAL - 2024-11-28 21:52:36 --> ErrorException: Undefined variable $builder
[Method: GET, Route: usuarios]
in APPPATH\Models\UsuarioModel.php on line 22.
 1 APPPATH\Models\UsuarioModel.php(22): CodeIgniter\Debug\Exceptions->errorHandler(2, 'Undefined variable $builder', 'C:\\xampp\\htdocs\\biblioteca\\app\\Models\\UsuarioModel.php', 22)
 2 APPPATH\Controllers\usuarios.php(24): App\Models\UsuarioModel->obtenerUsuarios()
 3 SYSTEMPATH\CodeIgniter.php(933): App\Controllers\Usuarios->index()
 4 SYSTEMPATH\CodeIgniter.php(509): CodeIgniter\CodeIgniter->runController(Object(App\Controllers\Usuarios))
 5 SYSTEMPATH\CodeIgniter.php(355): CodeIgniter\CodeIgniter->handleRequest(null, Object(Config\Cache), false)
 6 SYSTEMPATH\Boot.php(325): CodeIgniter\CodeIgniter->run()
 7 SYSTEMPATH\Boot.php(67): CodeIgniter\Boot::runCodeIgniter(Object(CodeIgniter\CodeIgniter))
 8 FCPATH\index.php(56): CodeIgniter\Boot::bootWeb(Object(Config\Paths))
INFO - 2024-11-28 21:54:09 --> Session: Class initialized using 'CodeIgniter\Session\Handlers\FileHandler' driver.
WARNING - 2024-11-28 21:56:33 --> [DEPRECATED] Creation of dynamic property App\Controllers\Usuarios::$validation is deprecated in APPPATH\Controllers\usuarios.php on line 17.
 1 SYSTEMPATH\CodeIgniter.php(903): App\Controllers\Usuarios->__construct()
 2 SYSTEMPATH\CodeIgniter.php(500): CodeIgniter\CodeIgniter->createController()
 3 SYSTEMPATH\CodeIgniter.php(355): CodeIgniter\CodeIgniter->handleRequest(null, Object(Config\Cache), false)
 4 SYSTEMPATH\Boot.php(325): CodeIgniter\CodeIgniter->run()
 5 SYSTEMPATH\Boot.php(67): CodeIgniter\Boot::runCodeIgniter(Object(CodeIgniter\CodeIgniter))
 6 FCPATH\index.php(56): CodeIgniter\Boot::bootWeb(Object(Config\Paths))
INFO - 2024-11-28 21:56:33 --> Session: Class initialized using 'CodeIgniter\Session\Handlers\FileHandler' driver.
CRITICAL - 2024-11-28 21:56:33 --> ErrorException: Undefined array key "clave"
[Method: GET, Route: usuarios]
in APPPATH\Views\usuarios.php on line 24.
 1 APPPATH\Views\usuarios.php(24): CodeIgniter\Debug\Exceptions->errorHandler(2, 'Undefined array key "clave"', 'C:\\xampp\\htdocs\\biblioteca\\app\\Views\\usuarios.php', 24)
 2 SYSTEMPATH\View\View.php(234): include('C:\\xampp\\htdocs\\biblioteca\\app\\Views\\usuarios.php')
 3 SYSTEMPATH\View\View.php(237): CodeIgniter\View\View->CodeIgniter\View\{closure}()
 4 SYSTEMPATH\Common.php(1171): CodeIgniter\View\View->render('usuarios', [], true)
 5 APPPATH\Controllers\usuarios.php(28): view('usuarios', [...])
 6 SYSTEMPATH\CodeIgniter.php(933): App\Controllers\Usuarios->index()
 7 SYSTEMPATH\CodeIgniter.php(509): CodeIgniter\CodeIgniter->runController(Object(App\Controllers\Usuarios))
 8 SYSTEMPATH\CodeIgniter.php(355): CodeIgniter\CodeIgniter->handleRequest(null, Object(Config\Cache), false)
 9 SYSTEMPATH\Boot.php(325): CodeIgniter\CodeIgniter->run()
10 SYSTEMPATH\Boot.php(67): CodeIgniter\Boot::runCodeIgniter(Object(CodeIgniter\CodeIgniter))
11 FCPATH\index.php(56): CodeIgniter\Boot::bootWeb(Object(Config\Paths))
WARNING - 2024-11-28 21:56:34 --> [DEPRECATED] Creation of dynamic property App\Controllers\Usuarios::$validation is deprecated in APPPATH\Controllers\usuarios.php on line 17.
 1 SYSTEMPATH\CodeIgniter.php(903): App\Controllers\Usuarios->__construct()
 2 SYSTEMPATH\CodeIgniter.php(500): CodeIgniter\CodeIgniter->createController()
 3 SYSTEMPATH\CodeIgniter.php(355): CodeIgniter\CodeIgniter->handleRequest(null, Object(Config\Cache), false)
 4 SYSTEMPATH\Boot.php(325): CodeIgniter\CodeIgniter->run()
 5 SYSTEMPATH\Boot.php(67): CodeIgniter\Boot::runCodeIgniter(Object(CodeIgniter\CodeIgniter))
 6 FCPATH\index.php(56): CodeIgniter\Boot::bootWeb(Object(Config\Paths))
INFO - 2024-11-28 21:56:34 --> Session: Class initialized using 'CodeIgniter\Session\Handlers\FileHandler' driver.
CRITICAL - 2024-11-28 21:56:34 --> ErrorException: Undefined array key "clave"
[Method: GET, Route: usuarios]
in APPPATH\Views\usuarios.php on line 24.
 1 APPPATH\Views\usuarios.php(24): CodeIgniter\Debug\Exceptions->errorHandler(2, 'Undefined array key "clave"', 'C:\\xampp\\htdocs\\biblioteca\\app\\Views\\usuarios.php', 24)
 2 SYSTEMPATH\View\View.php(234): include('C:\\xampp\\htdocs\\biblioteca\\app\\Views\\usuarios.php')
 3 SYSTEMPATH\View\View.php(237): CodeIgniter\View\View->CodeIgniter\View\{closure}()
 4 SYSTEMPATH\Common.php(1171): CodeIgniter\View\View->render('usuarios', [], true)
 5 APPPATH\Controllers\usuarios.php(28): view('usuarios', [...])
 6 SYSTEMPATH\CodeIgniter.php(933): App\Controllers\Usuarios->index()
 7 SYSTEMPATH\CodeIgniter.php(509): CodeIgniter\CodeIgniter->runController(Object(App\Controllers\Usuarios))
 8 SYSTEMPATH\CodeIgniter.php(355): CodeIgniter\CodeIgniter->handleRequest(null, Object(Config\Cache), false)
 9 SYSTEMPATH\Boot.php(325): CodeIgniter\CodeIgniter->run()
10 SYSTEMPATH\Boot.php(67): CodeIgniter\Boot::runCodeIgniter(Object(CodeIgniter\CodeIgniter))
11 FCPATH\index.php(56): CodeIgniter\Boot::bootWeb(Object(Config\Paths))
WARNING - 2024-11-28 21:58:37 --> [DEPRECATED] Creation of dynamic property App\Controllers\Usuarios::$validation is deprecated in APPPATH\Controllers\usuarios.php on line 17.
 1 SYSTEMPATH\CodeIgniter.php(903): App\Controllers\Usuarios->__construct()
 2 SYSTEMPATH\CodeIgniter.php(500): CodeIgniter\CodeIgniter->createController()
 3 SYSTEMPATH\CodeIgniter.php(355): CodeIgniter\CodeIgniter->handleRequest(null, Object(Config\Cache), false)
 4 SYSTEMPATH\Boot.php(325): CodeIgniter\CodeIgniter->run()
 5 SYSTEMPATH\Boot.php(67): CodeIgniter\Boot::runCodeIgniter(Object(CodeIgniter\CodeIgniter))
 6 FCPATH\index.php(56): CodeIgniter\Boot::bootWeb(Object(Config\Paths))
INFO - 2024-11-28 21:58:37 --> Session: Class initialized using 'CodeIgniter\Session\Handlers\FileHandler' driver.
CRITICAL - 2024-11-28 21:58:37 --> ErrorException: Undefined array key "id_rol"
[Method: GET, Route: usuarios]
in APPPATH\Views\usuarios.php on line 31.
 1 APPPATH\Views\usuarios.php(31): CodeIgniter\Debug\Exceptions->errorHandler(2, 'Undefined array key "id_rol"', 'C:\\xampp\\htdocs\\biblioteca\\app\\Views\\usuarios.php', 31)
 2 SYSTEMPATH\View\View.php(234): include('C:\\xampp\\htdocs\\biblioteca\\app\\Views\\usuarios.php')
 3 SYSTEMPATH\View\View.php(237): CodeIgniter\View\View->CodeIgniter\View\{closure}()
 4 SYSTEMPATH\Common.php(1171): CodeIgniter\View\View->render('usuarios', [], true)
 5 APPPATH\Controllers\usuarios.php(28): view('usuarios', [...])
 6 SYSTEMPATH\CodeIgniter.php(933): App\Controllers\Usuarios->index()
 7 SYSTEMPATH\CodeIgniter.php(509): CodeIgniter\CodeIgniter->runController(Object(App\Controllers\Usuarios))
 8 SYSTEMPATH\CodeIgniter.php(355): CodeIgniter\CodeIgniter->handleRequest(null, Object(Config\Cache), false)
 9 SYSTEMPATH\Boot.php(325): CodeIgniter\CodeIgniter->run()
10 SYSTEMPATH\Boot.php(67): CodeIgniter\Boot::runCodeIgniter(Object(CodeIgniter\CodeIgniter))
11 FCPATH\index.php(56): CodeIgniter\Boot::bootWeb(Object(Config\Paths))
WARNING - 2024-11-28 22:00:07 --> [DEPRECATED] Creation of dynamic property App\Controllers\Usuarios::$validation is deprecated in APPPATH\Controllers\usuarios.php on line 17.
 1 SYSTEMPATH\CodeIgniter.php(903): App\Controllers\Usuarios->__construct()
 2 SYSTEMPATH\CodeIgniter.php(500): CodeIgniter\CodeIgniter->createController()
 3 SYSTEMPATH\CodeIgniter.php(355): CodeIgniter\CodeIgniter->handleRequest(null, Object(Config\Cache), false)
 4 SYSTEMPATH\Boot.php(325): CodeIgniter\CodeIgniter->run()
 5 SYSTEMPATH\Boot.php(67): CodeIgniter\Boot::runCodeIgniter(Object(CodeIgniter\CodeIgniter))
 6 FCPATH\index.php(56): CodeIgniter\Boot::bootWeb(Object(Config\Paths))
INFO - 2024-11-28 22:00:07 --> Session: Class initialized using 'CodeIgniter\Session\Handlers\FileHandler' driver.
WARNING - 2024-11-28 22:00:37 --> [DEPRECATED] Creation of dynamic property App\Controllers\Usuarios::$validation is deprecated in APPPATH\Controllers\usuarios.php on line 17.
 1 SYSTEMPATH\CodeIgniter.php(903): App\Controllers\Usuarios->__construct()
 2 SYSTEMPATH\CodeIgniter.php(500): CodeIgniter\CodeIgniter->createController()
 3 SYSTEMPATH\CodeIgniter.php(355): CodeIgniter\CodeIgniter->handleRequest(null, Object(Config\Cache), false)
 4 SYSTEMPATH\Boot.php(325): CodeIgniter\CodeIgniter->run()
 5 SYSTEMPATH\Boot.php(67): CodeIgniter\Boot::runCodeIgniter(Object(CodeIgniter\CodeIgniter))
 6 FCPATH\index.php(56): CodeIgniter\Boot::bootWeb(Object(Config\Paths))
ERROR - 2024-11-28 22:00:37 --> ErrorException: pg_query(): Query failed: ERROR:  inserción o actualización en la tabla «usuario» viola la llave foránea «usuario_id_rol_fkey»
DETAIL:  La llave (id_rol)=(3) no está presente en la tabla «rol». in C:\xampp\htdocs\biblioteca\system\Database\Postgre\Connection.php:204
Stack trace:
#0 [internal function]: CodeIgniter\Debug\Exceptions->errorHandler(2, 'pg_query(): Que...', 'C:\\xampp\\htdocs...', 204)
#1 C:\xampp\htdocs\biblioteca\system\Database\Postgre\Connection.php(204): pg_query(Object(PgSql\Connection), 'UPDATE "usuario...')
#2 C:\xampp\htdocs\biblioteca\system\Database\BaseConnection.php(734): CodeIgniter\Database\Postgre\Connection->execute('UPDATE "usuario...')
#3 C:\xampp\htdocs\biblioteca\system\Database\BaseConnection.php(648): CodeIgniter\Database\BaseConnection->simpleQuery('UPDATE "usuario...')
#4 C:\xampp\htdocs\biblioteca\system\Database\BaseBuilder.php(2516): CodeIgniter\Database\BaseConnection->query('UPDATE "usuario...', Array, false)
#5 C:\xampp\htdocs\biblioteca\system\Model.php(461): CodeIgniter\Database\BaseBuilder->update()
#6 C:\xampp\htdocs\biblioteca\system\BaseModel.php(1028): CodeIgniter\Model->doUpdate(Array, Array)
#7 C:\xampp\htdocs\biblioteca\system\Model.php(865): CodeIgniter\BaseModel->update(Array, Array)
#8 C:\xampp\htdocs\biblioteca\app\Models\UsuarioModel.php(46): CodeIgniter\Model->update('6', Array)
#9 C:\xampp\htdocs\biblioteca\app\Controllers\usuarios.php(110): App\Models\UsuarioModel->actualizarUsuario('6', Array)
#10 C:\xampp\htdocs\biblioteca\system\CodeIgniter.php(933): App\Controllers\Usuarios->editar()
#11 C:\xampp\htdocs\biblioteca\system\CodeIgniter.php(509): CodeIgniter\CodeIgniter->runController(Object(App\Controllers\Usuarios))
#12 C:\xampp\htdocs\biblioteca\system\CodeIgniter.php(355): CodeIgniter\CodeIgniter->handleRequest(NULL, Object(Config\Cache), false)
#13 C:\xampp\htdocs\biblioteca\system\Boot.php(325): CodeIgniter\CodeIgniter->run()
#14 C:\xampp\htdocs\biblioteca\system\Boot.php(67): CodeIgniter\Boot::runCodeIgniter(Object(CodeIgniter\CodeIgniter))
#15 C:\xampp\htdocs\biblioteca\public\index.php(56): CodeIgniter\Boot::bootWeb(Object(Config\Paths))
#16 {main}
CRITICAL - 2024-11-28 22:00:37 --> CodeIgniter\Database\Exceptions\DatabaseException: pg_query(): Query failed: ERROR:  inserción o actualización en la tabla «usuario» viola la llave foránea «usuario_id_rol_fkey»
DETAIL:  La llave (id_rol)=(3) no está presente en la tabla «rol».
[Method: POST, Route: usuarios/editar]
in SYSTEMPATH\Database\BaseConnection.php on line 688.
 1 SYSTEMPATH\Database\BaseBuilder.php(2516): CodeIgniter\Database\BaseConnection->query('UPDATE "usuario" SET "clave" = :clave:, "id_rol" = :id_rol:
WHERE "usuario"."id_usuario" IN :usuario.id_usuario:', [...], false)
 2 SYSTEMPATH\Model.php(461): CodeIgniter\Database\BaseBuilder->update()
 3 SYSTEMPATH\BaseModel.php(1028): CodeIgniter\Model->doUpdate([...], [...])
 4 SYSTEMPATH\Model.php(865): CodeIgniter\BaseModel->update([...], [...])
 5 APPPATH\Models\UsuarioModel.php(46): CodeIgniter\Model->update('6', [...])
 6 APPPATH\Controllers\usuarios.php(110): App\Models\UsuarioModel->actualizarUsuario('6', [...])
 7 SYSTEMPATH\CodeIgniter.php(933): App\Controllers\Usuarios->editar()
 8 SYSTEMPATH\CodeIgniter.php(509): CodeIgniter\CodeIgniter->runController(Object(App\Controllers\Usuarios))
 9 SYSTEMPATH\CodeIgniter.php(355): CodeIgniter\CodeIgniter->handleRequest(null, Object(Config\Cache), false)
10 SYSTEMPATH\Boot.php(325): CodeIgniter\CodeIgniter->run()
11 SYSTEMPATH\Boot.php(67): CodeIgniter\Boot::runCodeIgniter(Object(CodeIgniter\CodeIgniter))
12 FCPATH\index.php(56): CodeIgniter\Boot::bootWeb(Object(Config\Paths))
CRITICAL - 2024-11-28 22:00:37 --> [Caused by] CodeIgniter\Database\Exceptions\DatabaseException: pg_query(): Query failed: ERROR:  inserción o actualización en la tabla «usuario» viola la llave foránea «usuario_id_rol_fkey»
DETAIL:  La llave (id_rol)=(3) no está presente en la tabla «rol».
in SYSTEMPATH\Database\Postgre\Connection.php on line 209.
 1 SYSTEMPATH\Database\BaseConnection.php(734): CodeIgniter\Database\Postgre\Connection->execute('UPDATE "usuario" SET "clave" = \'123\', "id_rol" = \'3\'
WHERE "usuario"."id_usuario" IN (\'6\')')
 2 SYSTEMPATH\Database\BaseConnection.php(648): CodeIgniter\Database\BaseConnection->simpleQuery('UPDATE "usuario" SET "clave" = \'123\', "id_rol" = \'3\'
WHERE "usuario"."id_usuario" IN (\'6\')')
 3 SYSTEMPATH\Database\BaseBuilder.php(2516): CodeIgniter\Database\BaseConnection->query('UPDATE "usuario" SET "clave" = :clave:, "id_rol" = :id_rol:
WHERE "usuario"."id_usuario" IN :usuario.id_usuario:', [...], false)
 4 SYSTEMPATH\Model.php(461): CodeIgniter\Database\BaseBuilder->update()
 5 SYSTEMPATH\BaseModel.php(1028): CodeIgniter\Model->doUpdate([...], [...])
 6 SYSTEMPATH\Model.php(865): CodeIgniter\BaseModel->update([...], [...])
 7 APPPATH\Models\UsuarioModel.php(46): CodeIgniter\Model->update('6', [...])
 8 APPPATH\Controllers\usuarios.php(110): App\Models\UsuarioModel->actualizarUsuario('6', [...])
 9 SYSTEMPATH\CodeIgniter.php(933): App\Controllers\Usuarios->editar()
10 SYSTEMPATH\CodeIgniter.php(509): CodeIgniter\CodeIgniter->runController(Object(App\Controllers\Usuarios))
11 SYSTEMPATH\CodeIgniter.php(355): CodeIgniter\CodeIgniter->handleRequest(null, Object(Config\Cache), false)
12 SYSTEMPATH\Boot.php(325): CodeIgniter\CodeIgniter->run()
13 SYSTEMPATH\Boot.php(67): CodeIgniter\Boot::runCodeIgniter(Object(CodeIgniter\CodeIgniter))
14 FCPATH\index.php(56): CodeIgniter\Boot::bootWeb(Object(Config\Paths))
CRITICAL - 2024-11-28 22:00:37 --> [Caused by] ErrorException: pg_query(): Query failed: ERROR:  inserción o actualización en la tabla «usuario» viola la llave foránea «usuario_id_rol_fkey»
DETAIL:  La llave (id_rol)=(3) no está presente en la tabla «rol».
in SYSTEMPATH\Database\Postgre\Connection.php on line 204.
 1 [internal function]: CodeIgniter\Debug\Exceptions->errorHandler(2, 'pg_query(): Query failed: ERROR:  inserción o actualización en la tabla «usuario» viola la llave foránea «usuario_id_rol_fkey»
DETAIL:  La llave (id_rol)=(3) no está presente en la tabla «rol».', 'C:\\xampp\\htdocs\\biblioteca\\system\\Database\\Postgre\\Connection.php', 204)
 2 SYSTEMPATH\Database\Postgre\Connection.php(204): pg_query(Object(PgSql\Connection), 'UPDATE "usuario" SET "clave" = \'123\', "id_rol" = \'3\'
WHERE "usuario"."id_usuario" IN (\'6\')')
 3 SYSTEMPATH\Database\BaseConnection.php(734): CodeIgniter\Database\Postgre\Connection->execute('UPDATE "usuario" SET "clave" = \'123\', "id_rol" = \'3\'
WHERE "usuario"."id_usuario" IN (\'6\')')
 4 SYSTEMPATH\Database\BaseConnection.php(648): CodeIgniter\Database\BaseConnection->simpleQuery('UPDATE "usuario" SET "clave" = \'123\', "id_rol" = \'3\'
WHERE "usuario"."id_usuario" IN (\'6\')')
 5 SYSTEMPATH\Database\BaseBuilder.php(2516): CodeIgniter\Database\BaseConnection->query('UPDATE "usuario" SET "clave" = :clave:, "id_rol" = :id_rol:
WHERE "usuario"."id_usuario" IN :usuario.id_usuario:', [...], false)
 6 SYSTEMPATH\Model.php(461): CodeIgniter\Database\BaseBuilder->update()
 7 SYSTEMPATH\BaseModel.php(1028): CodeIgniter\Model->doUpdate([...], [...])
 8 SYSTEMPATH\Model.php(865): CodeIgniter\BaseModel->update([...], [...])
 9 APPPATH\Models\UsuarioModel.php(46): CodeIgniter\Model->update('6', [...])
10 APPPATH\Controllers\usuarios.php(110): App\Models\UsuarioModel->actualizarUsuario('6', [...])
11 SYSTEMPATH\CodeIgniter.php(933): App\Controllers\Usuarios->editar()
12 SYSTEMPATH\CodeIgniter.php(509): CodeIgniter\CodeIgniter->runController(Object(App\Controllers\Usuarios))
13 SYSTEMPATH\CodeIgniter.php(355): CodeIgniter\CodeIgniter->handleRequest(null, Object(Config\Cache), false)
14 SYSTEMPATH\Boot.php(325): CodeIgniter\CodeIgniter->run()
15 SYSTEMPATH\Boot.php(67): CodeIgniter\Boot::runCodeIgniter(Object(CodeIgniter\CodeIgniter))
16 FCPATH\index.php(56): CodeIgniter\Boot::bootWeb(Object(Config\Paths))
WARNING - 2024-11-28 22:04:44 --> [DEPRECATED] Creation of dynamic property App\Controllers\Usuarios::$validation is deprecated in APPPATH\Controllers\usuarios.php on line 17.
 1 SYSTEMPATH\CodeIgniter.php(903): App\Controllers\Usuarios->__construct()
 2 SYSTEMPATH\CodeIgniter.php(500): CodeIgniter\CodeIgniter->createController()
 3 SYSTEMPATH\CodeIgniter.php(355): CodeIgniter\CodeIgniter->handleRequest(null, Object(Config\Cache), false)
 4 SYSTEMPATH\Boot.php(325): CodeIgniter\CodeIgniter->run()
 5 SYSTEMPATH\Boot.php(67): CodeIgniter\Boot::runCodeIgniter(Object(CodeIgniter\CodeIgniter))
 6 FCPATH\index.php(56): CodeIgniter\Boot::bootWeb(Object(Config\Paths))
INFO - 2024-11-28 22:04:44 --> Session: Class initialized using 'CodeIgniter\Session\Handlers\FileHandler' driver.
WARNING - 2024-11-28 22:04:44 --> [DEPRECATED] Creation of dynamic property App\Controllers\Usuarios::$validation is deprecated in APPPATH\Controllers\usuarios.php on line 17.
 1 SYSTEMPATH\CodeIgniter.php(903): App\Controllers\Usuarios->__construct()
 2 SYSTEMPATH\CodeIgniter.php(500): CodeIgniter\CodeIgniter->createController()
 3 SYSTEMPATH\CodeIgniter.php(355): CodeIgniter\CodeIgniter->handleRequest(null, Object(Config\Cache), false)
 4 SYSTEMPATH\Boot.php(325): CodeIgniter\CodeIgniter->run()
 5 SYSTEMPATH\Boot.php(67): CodeIgniter\Boot::runCodeIgniter(Object(CodeIgniter\CodeIgniter))
 6 FCPATH\index.php(56): CodeIgniter\Boot::bootWeb(Object(Config\Paths))
INFO - 2024-11-28 22:04:44 --> Session: Class initialized using 'CodeIgniter\Session\Handlers\FileHandler' driver.
WARNING - 2024-11-28 22:05:05 --> [DEPRECATED] Creation of dynamic property App\Controllers\Usuarios::$validation is deprecated in APPPATH\Controllers\usuarios.php on line 17.
 1 SYSTEMPATH\CodeIgniter.php(903): App\Controllers\Usuarios->__construct()
 2 SYSTEMPATH\CodeIgniter.php(500): CodeIgniter\CodeIgniter->createController()
 3 SYSTEMPATH\CodeIgniter.php(355): CodeIgniter\CodeIgniter->handleRequest(null, Object(Config\Cache), false)
 4 SYSTEMPATH\Boot.php(325): CodeIgniter\CodeIgniter->run()
 5 SYSTEMPATH\Boot.php(67): CodeIgniter\Boot::runCodeIgniter(Object(CodeIgniter\CodeIgniter))
 6 FCPATH\index.php(56): CodeIgniter\Boot::bootWeb(Object(Config\Paths))
INFO - 2024-11-28 22:05:05 --> Session: Class initialized using 'CodeIgniter\Session\Handlers\FileHandler' driver.
WARNING - 2024-11-28 22:05:05 --> [DEPRECATED] Creation of dynamic property App\Controllers\Usuarios::$validation is deprecated in APPPATH\Controllers\usuarios.php on line 17.
 1 SYSTEMPATH\CodeIgniter.php(903): App\Controllers\Usuarios->__construct()
 2 SYSTEMPATH\CodeIgniter.php(500): CodeIgniter\CodeIgniter->createController()
 3 SYSTEMPATH\CodeIgniter.php(355): CodeIgniter\CodeIgniter->handleRequest(null, Object(Config\Cache), false)
 4 SYSTEMPATH\Boot.php(325): CodeIgniter\CodeIgniter->run()
 5 SYSTEMPATH\Boot.php(67): CodeIgniter\Boot::runCodeIgniter(Object(CodeIgniter\CodeIgniter))
 6 FCPATH\index.php(56): CodeIgniter\Boot::bootWeb(Object(Config\Paths))
INFO - 2024-11-28 22:05:05 --> Session: Class initialized using 'CodeIgniter\Session\Handlers\FileHandler' driver.
WARNING - 2024-11-28 22:14:31 --> [DEPRECATED] Creation of dynamic property App\Controllers\Usuarios::$validation is deprecated in APPPATH\Controllers\usuarios.php on line 17.
 1 SYSTEMPATH\CodeIgniter.php(903): App\Controllers\Usuarios->__construct()
 2 SYSTEMPATH\CodeIgniter.php(500): CodeIgniter\CodeIgniter->createController()
 3 SYSTEMPATH\CodeIgniter.php(355): CodeIgniter\CodeIgniter->handleRequest(null, Object(Config\Cache), false)
 4 SYSTEMPATH\Boot.php(325): CodeIgniter\CodeIgniter->run()
 5 SYSTEMPATH\Boot.php(67): CodeIgniter\Boot::runCodeIgniter(Object(CodeIgniter\CodeIgniter))
 6 FCPATH\index.php(56): CodeIgniter\Boot::bootWeb(Object(Config\Paths))
CRITICAL - 2024-11-28 22:14:31 --> ErrorException: Undefined variable $rolModel
[Method: GET, Route: usuarios]
in APPPATH\Controllers\usuarios.php on line 26.
 1 APPPATH\Controllers\usuarios.php(26): CodeIgniter\Debug\Exceptions->errorHandler(2, 'Undefined variable $rolModel', 'C:\\xampp\\htdocs\\biblioteca\\app\\Controllers\\usuarios.php', 26)
 2 SYSTEMPATH\CodeIgniter.php(933): App\Controllers\Usuarios->index()
 3 SYSTEMPATH\CodeIgniter.php(509): CodeIgniter\CodeIgniter->runController(Object(App\Controllers\Usuarios))
 4 SYSTEMPATH\CodeIgniter.php(355): CodeIgniter\CodeIgniter->handleRequest(null, Object(Config\Cache), false)
 5 SYSTEMPATH\Boot.php(325): CodeIgniter\CodeIgniter->run()
 6 SYSTEMPATH\Boot.php(67): CodeIgniter\Boot::runCodeIgniter(Object(CodeIgniter\CodeIgniter))
 7 FCPATH\index.php(56): CodeIgniter\Boot::bootWeb(Object(Config\Paths))
WARNING - 2024-11-28 22:15:53 --> [DEPRECATED] Creation of dynamic property App\Controllers\Usuarios::$validation is deprecated in APPPATH\Controllers\usuarios.php on line 17.
 1 SYSTEMPATH\CodeIgniter.php(903): App\Controllers\Usuarios->__construct()
 2 SYSTEMPATH\CodeIgniter.php(500): CodeIgniter\CodeIgniter->createController()
 3 SYSTEMPATH\CodeIgniter.php(355): CodeIgniter\CodeIgniter->handleRequest(null, Object(Config\Cache), false)
 4 SYSTEMPATH\Boot.php(325): CodeIgniter\CodeIgniter->run()
 5 SYSTEMPATH\Boot.php(67): CodeIgniter\Boot::runCodeIgniter(Object(CodeIgniter\CodeIgniter))
 6 FCPATH\index.php(56): CodeIgniter\Boot::bootWeb(Object(Config\Paths))
CRITICAL - 2024-11-28 22:15:53 --> ErrorException: Undefined variable $rolModel
[Method: GET, Route: usuarios]
in APPPATH\Controllers\usuarios.php on line 26.
 1 APPPATH\Controllers\usuarios.php(26): CodeIgniter\Debug\Exceptions->errorHandler(2, 'Undefined variable $rolModel', 'C:\\xampp\\htdocs\\biblioteca\\app\\Controllers\\usuarios.php', 26)
 2 SYSTEMPATH\CodeIgniter.php(933): App\Controllers\Usuarios->index()
 3 SYSTEMPATH\CodeIgniter.php(509): CodeIgniter\CodeIgniter->runController(Object(App\Controllers\Usuarios))
 4 SYSTEMPATH\CodeIgniter.php(355): CodeIgniter\CodeIgniter->handleRequest(null, Object(Config\Cache), false)
 5 SYSTEMPATH\Boot.php(325): CodeIgniter\CodeIgniter->run()
 6 SYSTEMPATH\Boot.php(67): CodeIgniter\Boot::runCodeIgniter(Object(CodeIgniter\CodeIgniter))
 7 FCPATH\index.php(56): CodeIgniter\Boot::bootWeb(Object(Config\Paths))
WARNING - 2024-11-28 22:15:59 --> [DEPRECATED] Creation of dynamic property App\Controllers\Usuarios::$validation is deprecated in APPPATH\Controllers\usuarios.php on line 17.
 1 SYSTEMPATH\CodeIgniter.php(903): App\Controllers\Usuarios->__construct()
 2 SYSTEMPATH\CodeIgniter.php(500): CodeIgniter\CodeIgniter->createController()
 3 SYSTEMPATH\CodeIgniter.php(355): CodeIgniter\CodeIgniter->handleRequest(null, Object(Config\Cache), false)
 4 SYSTEMPATH\Boot.php(325): CodeIgniter\CodeIgniter->run()
 5 SYSTEMPATH\Boot.php(67): CodeIgniter\Boot::runCodeIgniter(Object(CodeIgniter\CodeIgniter))
 6 FCPATH\index.php(56): CodeIgniter\Boot::bootWeb(Object(Config\Paths))
CRITICAL - 2024-11-28 22:15:59 --> ErrorException: Undefined variable $rolModel
[Method: GET, Route: usuarios]
in APPPATH\Controllers\usuarios.php on line 26.
 1 APPPATH\Controllers\usuarios.php(26): CodeIgniter\Debug\Exceptions->errorHandler(2, 'Undefined variable $rolModel', 'C:\\xampp\\htdocs\\biblioteca\\app\\Controllers\\usuarios.php', 26)
 2 SYSTEMPATH\CodeIgniter.php(933): App\Controllers\Usuarios->index()
 3 SYSTEMPATH\CodeIgniter.php(509): CodeIgniter\CodeIgniter->runController(Object(App\Controllers\Usuarios))
 4 SYSTEMPATH\CodeIgniter.php(355): CodeIgniter\CodeIgniter->handleRequest(null, Object(Config\Cache), false)
 5 SYSTEMPATH\Boot.php(325): CodeIgniter\CodeIgniter->run()
 6 SYSTEMPATH\Boot.php(67): CodeIgniter\Boot::runCodeIgniter(Object(CodeIgniter\CodeIgniter))
 7 FCPATH\index.php(56): CodeIgniter\Boot::bootWeb(Object(Config\Paths))
CRITICAL - 2024-11-28 22:34:22 --> Error: Class "App\Controllers\RolModel" not found
[Method: GET, Route: usuarios]
in APPPATH\Controllers\usuarios.php on line 16.
 1 SYSTEMPATH\CodeIgniter.php(903): App\Controllers\Usuarios->__construct()
 2 SYSTEMPATH\CodeIgniter.php(500): CodeIgniter\CodeIgniter->createController()
 3 SYSTEMPATH\CodeIgniter.php(355): CodeIgniter\CodeIgniter->handleRequest(null, Object(Config\Cache), false)
 4 SYSTEMPATH\Boot.php(325): CodeIgniter\CodeIgniter->run()
 5 SYSTEMPATH\Boot.php(67): CodeIgniter\Boot::runCodeIgniter(Object(CodeIgniter\CodeIgniter))
 6 FCPATH\index.php(56): CodeIgniter\Boot::bootWeb(Object(Config\Paths))
CRITICAL - 2024-11-28 22:35:32 --> Error: Class "App\Controllers\RolModel" not found
[Method: GET, Route: usuarios]
in APPPATH\Controllers\usuarios.php on line 15.
 1 SYSTEMPATH\CodeIgniter.php(903): App\Controllers\Usuarios->__construct()
 2 SYSTEMPATH\CodeIgniter.php(500): CodeIgniter\CodeIgniter->createController()
 3 SYSTEMPATH\CodeIgniter.php(355): CodeIgniter\CodeIgniter->handleRequest(null, Object(Config\Cache), false)
 4 SYSTEMPATH\Boot.php(325): CodeIgniter\CodeIgniter->run()
 5 SYSTEMPATH\Boot.php(67): CodeIgniter\Boot::runCodeIgniter(Object(CodeIgniter\CodeIgniter))
 6 FCPATH\index.php(56): CodeIgniter\Boot::bootWeb(Object(Config\Paths))
CRITICAL - 2024-11-28 22:39:42 --> Error: Class "App\Controllers\rolModel" not found
[Method: GET, Route: usuarios]
in APPPATH\Controllers\usuarios.php on line 15.
 1 SYSTEMPATH\CodeIgniter.php(903): App\Controllers\Usuarios->__construct()
 2 SYSTEMPATH\CodeIgniter.php(500): CodeIgniter\CodeIgniter->createController()
 3 SYSTEMPATH\CodeIgniter.php(355): CodeIgniter\CodeIgniter->handleRequest(null, Object(Config\Cache), false)
 4 SYSTEMPATH\Boot.php(325): CodeIgniter\CodeIgniter->run()
 5 SYSTEMPATH\Boot.php(67): CodeIgniter\Boot::runCodeIgniter(Object(CodeIgniter\CodeIgniter))
 6 FCPATH\index.php(56): CodeIgniter\Boot::bootWeb(Object(Config\Paths))
WARNING - 2024-11-28 22:42:14 --> [DEPRECATED] Creation of dynamic property App\Controllers\Usuarios::$validation is deprecated in APPPATH\Controllers\usuarios.php on line 18.
 1 SYSTEMPATH\CodeIgniter.php(903): App\Controllers\Usuarios->__construct()
 2 SYSTEMPATH\CodeIgniter.php(500): CodeIgniter\CodeIgniter->createController()
 3 SYSTEMPATH\CodeIgniter.php(355): CodeIgniter\CodeIgniter->handleRequest(null, Object(Config\Cache), false)
 4 SYSTEMPATH\Boot.php(325): CodeIgniter\CodeIgniter->run()
 5 SYSTEMPATH\Boot.php(67): CodeIgniter\Boot::runCodeIgniter(Object(CodeIgniter\CodeIgniter))
 6 FCPATH\index.php(56): CodeIgniter\Boot::bootWeb(Object(Config\Paths))
CRITICAL - 2024-11-28 22:42:14 --> ErrorException: Undefined variable $rolModel
[Method: GET, Route: usuarios]
in APPPATH\Controllers\usuarios.php on line 27.
 1 APPPATH\Controllers\usuarios.php(27): CodeIgniter\Debug\Exceptions->errorHandler(2, 'Undefined variable $rolModel', 'C:\\xampp\\htdocs\\biblioteca\\app\\Controllers\\usuarios.php', 27)
 2 SYSTEMPATH\CodeIgniter.php(933): App\Controllers\Usuarios->index()
 3 SYSTEMPATH\CodeIgniter.php(509): CodeIgniter\CodeIgniter->runController(Object(App\Controllers\Usuarios))
 4 SYSTEMPATH\CodeIgniter.php(355): CodeIgniter\CodeIgniter->handleRequest(null, Object(Config\Cache), false)
 5 SYSTEMPATH\Boot.php(325): CodeIgniter\CodeIgniter->run()
 6 SYSTEMPATH\Boot.php(67): CodeIgniter\Boot::runCodeIgniter(Object(CodeIgniter\CodeIgniter))
 7 FCPATH\index.php(56): CodeIgniter\Boot::bootWeb(Object(Config\Paths))
WARNING - 2024-11-28 22:47:12 --> [DEPRECATED] Creation of dynamic property App\Controllers\Usuarios::$validation is deprecated in APPPATH\Controllers\usuarios.php on line 19.
 1 SYSTEMPATH\CodeIgniter.php(903): App\Controllers\Usuarios->__construct()
 2 SYSTEMPATH\CodeIgniter.php(500): CodeIgniter\CodeIgniter->createController()
 3 SYSTEMPATH\CodeIgniter.php(355): CodeIgniter\CodeIgniter->handleRequest(null, Object(Config\Cache), false)
 4 SYSTEMPATH\Boot.php(325): CodeIgniter\CodeIgniter->run()
 5 SYSTEMPATH\Boot.php(67): CodeIgniter\Boot::runCodeIgniter(Object(CodeIgniter\CodeIgniter))
 6 FCPATH\index.php(56): CodeIgniter\Boot::bootWeb(Object(Config\Paths))
INFO - 2024-11-28 22:47:12 --> Session: Class initialized using 'CodeIgniter\Session\Handlers\FileHandler' driver.
WARNING - 2024-11-28 22:49:34 --> [DEPRECATED] Creation of dynamic property App\Controllers\Usuarios::$validation is deprecated in APPPATH\Controllers\usuarios.php on line 19.
 1 SYSTEMPATH\CodeIgniter.php(903): App\Controllers\Usuarios->__construct()
 2 SYSTEMPATH\CodeIgniter.php(500): CodeIgniter\CodeIgniter->createController()
 3 SYSTEMPATH\CodeIgniter.php(355): CodeIgniter\CodeIgniter->handleRequest(null, Object(Config\Cache), false)
 4 SYSTEMPATH\Boot.php(325): CodeIgniter\CodeIgniter->run()
 5 SYSTEMPATH\Boot.php(67): CodeIgniter\Boot::runCodeIgniter(Object(CodeIgniter\CodeIgniter))
 6 FCPATH\index.php(56): CodeIgniter\Boot::bootWeb(Object(Config\Paths))
INFO - 2024-11-28 22:49:34 --> Session: Class initialized using 'CodeIgniter\Session\Handlers\FileHandler' driver.
WARNING - 2024-11-28 22:50:12 --> [DEPRECATED] Creation of dynamic property App\Controllers\Usuarios::$validation is deprecated in APPPATH\Controllers\usuarios.php on line 19.
 1 SYSTEMPATH\CodeIgniter.php(903): App\Controllers\Usuarios->__construct()
 2 SYSTEMPATH\CodeIgniter.php(500): CodeIgniter\CodeIgniter->createController()
 3 SYSTEMPATH\CodeIgniter.php(355): CodeIgniter\CodeIgniter->handleRequest(null, Object(Config\Cache), false)
 4 SYSTEMPATH\Boot.php(325): CodeIgniter\CodeIgniter->run()
 5 SYSTEMPATH\Boot.php(67): CodeIgniter\Boot::runCodeIgniter(Object(CodeIgniter\CodeIgniter))
 6 FCPATH\index.php(56): CodeIgniter\Boot::bootWeb(Object(Config\Paths))
INFO - 2024-11-28 22:50:12 --> Session: Class initialized using 'CodeIgniter\Session\Handlers\FileHandler' driver.
WARNING - 2024-11-28 22:52:16 --> [DEPRECATED] Creation of dynamic property App\Controllers\Usuarios::$validation is deprecated in APPPATH\Controllers\usuarios.php on line 19.
 1 SYSTEMPATH\CodeIgniter.php(903): App\Controllers\Usuarios->__construct()
 2 SYSTEMPATH\CodeIgniter.php(500): CodeIgniter\CodeIgniter->createController()
 3 SYSTEMPATH\CodeIgniter.php(355): CodeIgniter\CodeIgniter->handleRequest(null, Object(Config\Cache), false)
 4 SYSTEMPATH\Boot.php(325): CodeIgniter\CodeIgniter->run()
 5 SYSTEMPATH\Boot.php(67): CodeIgniter\Boot::runCodeIgniter(Object(CodeIgniter\CodeIgniter))
 6 FCPATH\index.php(56): CodeIgniter\Boot::bootWeb(Object(Config\Paths))
INFO - 2024-11-28 22:52:16 --> Session: Class initialized using 'CodeIgniter\Session\Handlers\FileHandler' driver.
WARNING - 2024-11-28 22:53:21 --> [DEPRECATED] Creation of dynamic property App\Controllers\Usuarios::$validation is deprecated in APPPATH\Controllers\usuarios.php on line 19.
 1 SYSTEMPATH\CodeIgniter.php(903): App\Controllers\Usuarios->__construct()
 2 SYSTEMPATH\CodeIgniter.php(500): CodeIgniter\CodeIgniter->createController()
 3 SYSTEMPATH\CodeIgniter.php(355): CodeIgniter\CodeIgniter->handleRequest(null, Object(Config\Cache), false)
 4 SYSTEMPATH\Boot.php(325): CodeIgniter\CodeIgniter->run()
 5 SYSTEMPATH\Boot.php(67): CodeIgniter\Boot::runCodeIgniter(Object(CodeIgniter\CodeIgniter))
 6 FCPATH\index.php(56): CodeIgniter\Boot::bootWeb(Object(Config\Paths))
INFO - 2024-11-28 22:53:21 --> Session: Class initialized using 'CodeIgniter\Session\Handlers\FileHandler' driver.
WARNING - 2024-11-28 22:53:53 --> [DEPRECATED] Creation of dynamic property App\Controllers\Usuarios::$validation is deprecated in APPPATH\Controllers\usuarios.php on line 19.
 1 SYSTEMPATH\CodeIgniter.php(903): App\Controllers\Usuarios->__construct()
 2 SYSTEMPATH\CodeIgniter.php(500): CodeIgniter\CodeIgniter->createController()
 3 SYSTEMPATH\CodeIgniter.php(355): CodeIgniter\CodeIgniter->handleRequest(null, Object(Config\Cache), false)
 4 SYSTEMPATH\Boot.php(325): CodeIgniter\CodeIgniter->run()
 5 SYSTEMPATH\Boot.php(67): CodeIgniter\Boot::runCodeIgniter(Object(CodeIgniter\CodeIgniter))
 6 FCPATH\index.php(56): CodeIgniter\Boot::bootWeb(Object(Config\Paths))
INFO - 2024-11-28 22:53:53 --> Session: Class initialized using 'CodeIgniter\Session\Handlers\FileHandler' driver.
WARNING - 2024-11-28 22:55:31 --> [DEPRECATED] Creation of dynamic property App\Controllers\Usuarios::$validation is deprecated in APPPATH\Controllers\usuarios.php on line 19.
 1 SYSTEMPATH\CodeIgniter.php(903): App\Controllers\Usuarios->__construct()
 2 SYSTEMPATH\CodeIgniter.php(500): CodeIgniter\CodeIgniter->createController()
 3 SYSTEMPATH\CodeIgniter.php(355): CodeIgniter\CodeIgniter->handleRequest(null, Object(Config\Cache), false)
 4 SYSTEMPATH\Boot.php(325): CodeIgniter\CodeIgniter->run()
 5 SYSTEMPATH\Boot.php(67): CodeIgniter\Boot::runCodeIgniter(Object(CodeIgniter\CodeIgniter))
 6 FCPATH\index.php(56): CodeIgniter\Boot::bootWeb(Object(Config\Paths))
INFO - 2024-11-28 22:55:31 --> Session: Class initialized using 'CodeIgniter\Session\Handlers\FileHandler' driver.
WARNING - 2024-11-28 22:55:38 --> [DEPRECATED] Creation of dynamic property App\Controllers\Usuarios::$validation is deprecated in APPPATH\Controllers\usuarios.php on line 19.
 1 SYSTEMPATH\CodeIgniter.php(903): App\Controllers\Usuarios->__construct()
 2 SYSTEMPATH\CodeIgniter.php(500): CodeIgniter\CodeIgniter->createController()
 3 SYSTEMPATH\CodeIgniter.php(355): CodeIgniter\CodeIgniter->handleRequest(null, Object(Config\Cache), false)
 4 SYSTEMPATH\Boot.php(325): CodeIgniter\CodeIgniter->run()
 5 SYSTEMPATH\Boot.php(67): CodeIgniter\Boot::runCodeIgniter(Object(CodeIgniter\CodeIgniter))
 6 FCPATH\index.php(56): CodeIgniter\Boot::bootWeb(Object(Config\Paths))
INFO - 2024-11-28 22:55:38 --> Session: Class initialized using 'CodeIgniter\Session\Handlers\FileHandler' driver.
WARNING - 2024-11-28 22:55:49 --> [DEPRECATED] Creation of dynamic property App\Controllers\Usuarios::$validation is deprecated in APPPATH\Controllers\usuarios.php on line 19.
 1 SYSTEMPATH\CodeIgniter.php(903): App\Controllers\Usuarios->__construct()
 2 SYSTEMPATH\CodeIgniter.php(500): CodeIgniter\CodeIgniter->createController()
 3 SYSTEMPATH\CodeIgniter.php(355): CodeIgniter\CodeIgniter->handleRequest(null, Object(Config\Cache), false)
 4 SYSTEMPATH\Boot.php(325): CodeIgniter\CodeIgniter->run()
 5 SYSTEMPATH\Boot.php(67): CodeIgniter\Boot::runCodeIgniter(Object(CodeIgniter\CodeIgniter))
 6 FCPATH\index.php(56): CodeIgniter\Boot::bootWeb(Object(Config\Paths))
INFO - 2024-11-28 22:55:49 --> Session: Class initialized using 'CodeIgniter\Session\Handlers\FileHandler' driver.
WARNING - 2024-11-28 22:55:49 --> [DEPRECATED] Creation of dynamic property App\Controllers\Usuarios::$validation is deprecated in APPPATH\Controllers\usuarios.php on line 19.
 1 SYSTEMPATH\CodeIgniter.php(903): App\Controllers\Usuarios->__construct()
 2 SYSTEMPATH\CodeIgniter.php(500): CodeIgniter\CodeIgniter->createController()
 3 SYSTEMPATH\CodeIgniter.php(355): CodeIgniter\CodeIgniter->handleRequest(null, Object(Config\Cache), false)
 4 SYSTEMPATH\Boot.php(325): CodeIgniter\CodeIgniter->run()
 5 SYSTEMPATH\Boot.php(67): CodeIgniter\Boot::runCodeIgniter(Object(CodeIgniter\CodeIgniter))
 6 FCPATH\index.php(56): CodeIgniter\Boot::bootWeb(Object(Config\Paths))
INFO - 2024-11-28 22:55:49 --> Session: Class initialized using 'CodeIgniter\Session\Handlers\FileHandler' driver.
INFO - 2024-11-28 22:56:00 --> Session: Class initialized using 'CodeIgniter\Session\Handlers\FileHandler' driver.
INFO - 2024-11-28 22:56:01 --> Session: Class initialized using 'CodeIgniter\Session\Handlers\FileHandler' driver.
INFO - 2024-11-28 22:56:06 --> Session: Class initialized using 'CodeIgniter\Session\Handlers\FileHandler' driver.
INFO - 2024-11-28 22:56:06 --> Session: Class initialized using 'CodeIgniter\Session\Handlers\FileHandler' driver.
WARNING - 2024-11-28 22:56:25 --> [DEPRECATED] Creation of dynamic property App\Controllers\Usuarios::$validation is deprecated in APPPATH\Controllers\usuarios.php on line 19.
 1 SYSTEMPATH\CodeIgniter.php(903): App\Controllers\Usuarios->__construct()
 2 SYSTEMPATH\CodeIgniter.php(500): CodeIgniter\CodeIgniter->createController()
 3 SYSTEMPATH\CodeIgniter.php(355): CodeIgniter\CodeIgniter->handleRequest(null, Object(Config\Cache), false)
 4 SYSTEMPATH\Boot.php(325): CodeIgniter\CodeIgniter->run()
 5 SYSTEMPATH\Boot.php(67): CodeIgniter\Boot::runCodeIgniter(Object(CodeIgniter\CodeIgniter))
 6 FCPATH\index.php(56): CodeIgniter\Boot::bootWeb(Object(Config\Paths))
INFO - 2024-11-28 22:56:25 --> Session: Class initialized using 'CodeIgniter\Session\Handlers\FileHandler' driver.
INFO - 2024-11-28 22:56:26 --> Session: Class initialized using 'CodeIgniter\Session\Handlers\FileHandler' driver.
INFO - 2024-11-28 22:56:28 --> Session: Class initialized using 'CodeIgniter\Session\Handlers\FileHandler' driver.
INFO - 2024-11-28 22:56:38 --> Session: Class initialized using 'CodeIgniter\Session\Handlers\FileHandler' driver.
INFO - 2024-11-28 22:56:39 --> Session: Class initialized using 'CodeIgniter\Session\Handlers\FileHandler' driver.
INFO - 2024-11-28 22:56:39 --> Session: Class initialized using 'CodeIgniter\Session\Handlers\FileHandler' driver.
INFO - 2024-11-28 22:56:44 --> Session: Class initialized using 'CodeIgniter\Session\Handlers\FileHandler' driver.
INFO - 2024-11-28 22:56:44 --> Session: Class initialized using 'CodeIgniter\Session\Handlers\FileHandler' driver.
INFO - 2024-11-28 22:56:54 --> Session: Class initialized using 'CodeIgniter\Session\Handlers\FileHandler' driver.
INFO - 2024-11-28 22:56:54 --> Session: Class initialized using 'CodeIgniter\Session\Handlers\FileHandler' driver.
INFO - 2024-11-28 22:57:00 --> Session: Class initialized using 'CodeIgniter\Session\Handlers\FileHandler' driver.
INFO - 2024-11-28 22:57:00 --> Session: Class initialized using 'CodeIgniter\Session\Handlers\FileHandler' driver.
INFO - 2024-11-28 22:57:02 --> Session: Class initialized using 'CodeIgniter\Session\Handlers\FileHandler' driver.
INFO - 2024-11-28 22:57:02 --> Session: Class initialized using 'CodeIgniter\Session\Handlers\FileHandler' driver.
INFO - 2024-11-28 22:57:02 --> Session: Class initialized using 'CodeIgniter\Session\Handlers\FileHandler' driver.
INFO - 2024-11-28 22:57:02 --> Session: Class initialized using 'CodeIgniter\Session\Handlers\FileHandler' driver.
INFO - 2024-11-28 22:57:02 --> Session: Class initialized using 'CodeIgniter\Session\Handlers\FileHandler' driver.
INFO - 2024-11-28 22:57:02 --> Session: Class initialized using 'CodeIgniter\Session\Handlers\FileHandler' driver.
INFO - 2024-11-28 22:57:02 --> Session: Class initialized using 'CodeIgniter\Session\Handlers\FileHandler' driver.
INFO - 2024-11-28 22:57:03 --> Session: Class initialized using 'CodeIgniter\Session\Handlers\FileHandler' driver.
INFO - 2024-11-28 22:57:03 --> Session: Class initialized using 'CodeIgniter\Session\Handlers\FileHandler' driver.
INFO - 2024-11-28 22:57:03 --> Session: Class initialized using 'CodeIgniter\Session\Handlers\FileHandler' driver.
INFO - 2024-11-28 22:57:08 --> Session: Class initialized using 'CodeIgniter\Session\Handlers\FileHandler' driver.
INFO - 2024-11-28 22:57:08 --> Session: Class initialized using 'CodeIgniter\Session\Handlers\FileHandler' driver.
WARNING - 2024-11-28 22:57:13 --> [DEPRECATED] Creation of dynamic property App\Controllers\Usuarios::$validation is deprecated in APPPATH\Controllers\usuarios.php on line 19.
 1 SYSTEMPATH\CodeIgniter.php(903): App\Controllers\Usuarios->__construct()
 2 SYSTEMPATH\CodeIgniter.php(500): CodeIgniter\CodeIgniter->createController()
 3 SYSTEMPATH\CodeIgniter.php(355): CodeIgniter\CodeIgniter->handleRequest(null, Object(Config\Cache), false)
 4 SYSTEMPATH\Boot.php(325): CodeIgniter\CodeIgniter->run()
 5 SYSTEMPATH\Boot.php(67): CodeIgniter\Boot::runCodeIgniter(Object(CodeIgniter\CodeIgniter))
 6 FCPATH\index.php(56): CodeIgniter\Boot::bootWeb(Object(Config\Paths))
INFO - 2024-11-28 22:57:13 --> Session: Class initialized using 'CodeIgniter\Session\Handlers\FileHandler' driver.
INFO - 2024-11-28 22:57:32 --> Session: Class initialized using 'CodeIgniter\Session\Handlers\FileHandler' driver.
INFO - 2024-11-28 22:57:32 --> Session: Class initialized using 'CodeIgniter\Session\Handlers\FileHandler' driver.
INFO - 2024-11-28 22:57:36 --> Session: Class initialized using 'CodeIgniter\Session\Handlers\FileHandler' driver.
INFO - 2024-11-28 22:57:36 --> Session: Class initialized using 'CodeIgniter\Session\Handlers\FileHandler' driver.
INFO - 2024-11-28 22:57:36 --> Session: Class initialized using 'CodeIgniter\Session\Handlers\FileHandler' driver.
INFO - 2024-11-28 22:57:37 --> Session: Class initialized using 'CodeIgniter\Session\Handlers\FileHandler' driver.
INFO - 2024-11-28 22:57:37 --> Session: Class initialized using 'CodeIgniter\Session\Handlers\FileHandler' driver.
INFO - 2024-11-28 22:57:37 --> Session: Class initialized using 'CodeIgniter\Session\Handlers\FileHandler' driver.
INFO - 2024-11-28 22:57:37 --> Session: Class initialized using 'CodeIgniter\Session\Handlers\FileHandler' driver.
INFO - 2024-11-28 22:57:37 --> Session: Class initialized using 'CodeIgniter\Session\Handlers\FileHandler' driver.
INFO - 2024-11-28 22:57:37 --> Session: Class initialized using 'CodeIgniter\Session\Handlers\FileHandler' driver.
INFO - 2024-11-28 22:57:37 --> Session: Class initialized using 'CodeIgniter\Session\Handlers\FileHandler' driver.
INFO - 2024-11-28 22:57:38 --> Session: Class initialized using 'CodeIgniter\Session\Handlers\FileHandler' driver.
INFO - 2024-11-28 22:57:38 --> Session: Class initialized using 'CodeIgniter\Session\Handlers\FileHandler' driver.
INFO - 2024-11-28 22:57:38 --> Session: Class initialized using 'CodeIgniter\Session\Handlers\FileHandler' driver.
INFO - 2024-11-28 22:57:38 --> Session: Class initialized using 'CodeIgniter\Session\Handlers\FileHandler' driver.
INFO - 2024-11-28 22:57:38 --> Session: Class initialized using 'CodeIgniter\Session\Handlers\FileHandler' driver.
INFO - 2024-11-28 22:57:43 --> Session: Class initialized using 'CodeIgniter\Session\Handlers\FileHandler' driver.
INFO - 2024-11-28 22:57:43 --> Session: Class initialized using 'CodeIgniter\Session\Handlers\FileHandler' driver.
WARNING - 2024-11-28 22:57:48 --> [DEPRECATED] Creation of dynamic property App\Controllers\Usuarios::$validation is deprecated in APPPATH\Controllers\usuarios.php on line 19.
 1 SYSTEMPATH\CodeIgniter.php(903): App\Controllers\Usuarios->__construct()
 2 SYSTEMPATH\CodeIgniter.php(500): CodeIgniter\CodeIgniter->createController()
 3 SYSTEMPATH\CodeIgniter.php(355): CodeIgniter\CodeIgniter->handleRequest(null, Object(Config\Cache), false)
 4 SYSTEMPATH\Boot.php(325): CodeIgniter\CodeIgniter->run()
 5 SYSTEMPATH\Boot.php(67): CodeIgniter\Boot::runCodeIgniter(Object(CodeIgniter\CodeIgniter))
 6 FCPATH\index.php(56): CodeIgniter\Boot::bootWeb(Object(Config\Paths))
INFO - 2024-11-28 22:57:48 --> Session: Class initialized using 'CodeIgniter\Session\Handlers\FileHandler' driver.
INFO - 2024-11-28 22:58:12 --> Session: Class initialized using 'CodeIgniter\Session\Handlers\FileHandler' driver.
INFO - 2024-11-28 22:58:12 --> Session: Class initialized using 'CodeIgniter\Session\Handlers\FileHandler' driver.
INFO - 2024-11-28 22:58:16 --> Session: Class initialized using 'CodeIgniter\Session\Handlers\FileHandler' driver.
INFO - 2024-11-28 22:58:16 --> Session: Class initialized using 'CodeIgniter\Session\Handlers\FileHandler' driver.
INFO - 2024-11-28 22:58:16 --> Session: Class initialized using 'CodeIgniter\Session\Handlers\FileHandler' driver.
INFO - 2024-11-28 22:58:16 --> Session: Class initialized using 'CodeIgniter\Session\Handlers\FileHandler' driver.
INFO - 2024-11-28 22:58:16 --> Session: Class initialized using 'CodeIgniter\Session\Handlers\FileHandler' driver.
INFO - 2024-11-28 22:58:20 --> Session: Class initialized using 'CodeIgniter\Session\Handlers\FileHandler' driver.
INFO - 2024-11-28 22:58:20 --> Session: Class initialized using 'CodeIgniter\Session\Handlers\FileHandler' driver.
INFO - 2024-11-28 22:58:20 --> Session: Class initialized using 'CodeIgniter\Session\Handlers\FileHandler' driver.
INFO - 2024-11-28 22:58:21 --> Session: Class initialized using 'CodeIgniter\Session\Handlers\FileHandler' driver.
INFO - 2024-11-28 22:58:21 --> Session: Class initialized using 'CodeIgniter\Session\Handlers\FileHandler' driver.
INFO - 2024-11-28 22:58:25 --> Session: Class initialized using 'CodeIgniter\Session\Handlers\FileHandler' driver.
INFO - 2024-11-28 22:58:37 --> Session: Class initialized using 'CodeIgniter\Session\Handlers\FileHandler' driver.
INFO - 2024-11-28 22:58:41 --> Session: Class initialized using 'CodeIgniter\Session\Handlers\FileHandler' driver.
INFO - 2024-11-28 22:58:41 --> Session: Class initialized using 'CodeIgniter\Session\Handlers\FileHandler' driver.
WARNING - 2024-11-28 22:58:49 --> [DEPRECATED] Creation of dynamic property App\Controllers\Usuarios::$validation is deprecated in APPPATH\Controllers\usuarios.php on line 19.
 1 SYSTEMPATH\CodeIgniter.php(903): App\Controllers\Usuarios->__construct()
 2 SYSTEMPATH\CodeIgniter.php(500): CodeIgniter\CodeIgniter->createController()
 3 SYSTEMPATH\CodeIgniter.php(355): CodeIgniter\CodeIgniter->handleRequest(null, Object(Config\Cache), false)
 4 SYSTEMPATH\Boot.php(325): CodeIgniter\CodeIgniter->run()
 5 SYSTEMPATH\Boot.php(67): CodeIgniter\Boot::runCodeIgniter(Object(CodeIgniter\CodeIgniter))
 6 FCPATH\index.php(56): CodeIgniter\Boot::bootWeb(Object(Config\Paths))
INFO - 2024-11-28 22:58:49 --> Session: Class initialized using 'CodeIgniter\Session\Handlers\FileHandler' driver.
WARNING - 2024-11-28 22:59:03 --> [DEPRECATED] Creation of dynamic property App\Controllers\Usuarios::$validation is deprecated in APPPATH\Controllers\usuarios.php on line 19.
 1 SYSTEMPATH\CodeIgniter.php(903): App\Controllers\Usuarios->__construct()
 2 SYSTEMPATH\CodeIgniter.php(500): CodeIgniter\CodeIgniter->createController()
 3 SYSTEMPATH\CodeIgniter.php(355): CodeIgniter\CodeIgniter->handleRequest(null, Object(Config\Cache), false)
 4 SYSTEMPATH\Boot.php(325): CodeIgniter\CodeIgniter->run()
 5 SYSTEMPATH\Boot.php(67): CodeIgniter\Boot::runCodeIgniter(Object(CodeIgniter\CodeIgniter))
 6 FCPATH\index.php(56): CodeIgniter\Boot::bootWeb(Object(Config\Paths))
INFO - 2024-11-28 22:59:03 --> Session: Class initialized using 'CodeIgniter\Session\Handlers\FileHandler' driver.
WARNING - 2024-11-28 22:59:03 --> [DEPRECATED] Creation of dynamic property App\Controllers\Usuarios::$validation is deprecated in APPPATH\Controllers\usuarios.php on line 19.
 1 SYSTEMPATH\CodeIgniter.php(903): App\Controllers\Usuarios->__construct()
 2 SYSTEMPATH\CodeIgniter.php(500): CodeIgniter\CodeIgniter->createController()
 3 SYSTEMPATH\CodeIgniter.php(355): CodeIgniter\CodeIgniter->handleRequest(null, Object(Config\Cache), false)
 4 SYSTEMPATH\Boot.php(325): CodeIgniter\CodeIgniter->run()
 5 SYSTEMPATH\Boot.php(67): CodeIgniter\Boot::runCodeIgniter(Object(CodeIgniter\CodeIgniter))
 6 FCPATH\index.php(56): CodeIgniter\Boot::bootWeb(Object(Config\Paths))
INFO - 2024-11-28 22:59:03 --> Session: Class initialized using 'CodeIgniter\Session\Handlers\FileHandler' driver.
WARNING - 2024-11-28 22:59:21 --> [DEPRECATED] Creation of dynamic property App\Controllers\Usuarios::$validation is deprecated in APPPATH\Controllers\usuarios.php on line 19.
 1 SYSTEMPATH\CodeIgniter.php(903): App\Controllers\Usuarios->__construct()
 2 SYSTEMPATH\CodeIgniter.php(500): CodeIgniter\CodeIgniter->createController()
 3 SYSTEMPATH\CodeIgniter.php(355): CodeIgniter\CodeIgniter->handleRequest(null, Object(Config\Cache), false)
 4 SYSTEMPATH\Boot.php(325): CodeIgniter\CodeIgniter->run()
 5 SYSTEMPATH\Boot.php(67): CodeIgniter\Boot::runCodeIgniter(Object(CodeIgniter\CodeIgniter))
 6 FCPATH\index.php(56): CodeIgniter\Boot::bootWeb(Object(Config\Paths))
INFO - 2024-11-28 22:59:21 --> Session: Class initialized using 'CodeIgniter\Session\Handlers\FileHandler' driver.
WARNING - 2024-11-28 22:59:22 --> [DEPRECATED] Creation of dynamic property App\Controllers\Usuarios::$validation is deprecated in APPPATH\Controllers\usuarios.php on line 19.
 1 SYSTEMPATH\CodeIgniter.php(903): App\Controllers\Usuarios->__construct()
 2 SYSTEMPATH\CodeIgniter.php(500): CodeIgniter\CodeIgniter->createController()
 3 SYSTEMPATH\CodeIgniter.php(355): CodeIgniter\CodeIgniter->handleRequest(null, Object(Config\Cache), false)
 4 SYSTEMPATH\Boot.php(325): CodeIgniter\CodeIgniter->run()
 5 SYSTEMPATH\Boot.php(67): CodeIgniter\Boot::runCodeIgniter(Object(CodeIgniter\CodeIgniter))
 6 FCPATH\index.php(56): CodeIgniter\Boot::bootWeb(Object(Config\Paths))
INFO - 2024-11-28 22:59:22 --> Session: Class initialized using 'CodeIgniter\Session\Handlers\FileHandler' driver.
INFO - 2024-11-28 22:59:27 --> Session: Class initialized using 'CodeIgniter\Session\Handlers\FileHandler' driver.
INFO - 2024-11-28 22:59:27 --> Session: Class initialized using 'CodeIgniter\Session\Handlers\FileHandler' driver.
INFO - 2024-11-28 22:59:32 --> Session: Class initialized using 'CodeIgniter\Session\Handlers\FileHandler' driver.
INFO - 2024-11-28 22:59:32 --> Session: Class initialized using 'CodeIgniter\Session\Handlers\FileHandler' driver.
WARNING - 2024-11-28 23:00:10 --> [DEPRECATED] Creation of dynamic property App\Controllers\Usuarios::$validation is deprecated in APPPATH\Controllers\usuarios.php on line 19.
 1 SYSTEMPATH\CodeIgniter.php(903): App\Controllers\Usuarios->__construct()
 2 SYSTEMPATH\CodeIgniter.php(500): CodeIgniter\CodeIgniter->createController()
 3 SYSTEMPATH\CodeIgniter.php(355): CodeIgniter\CodeIgniter->handleRequest(null, Object(Config\Cache), false)
 4 SYSTEMPATH\Boot.php(325): CodeIgniter\CodeIgniter->run()
 5 SYSTEMPATH\Boot.php(67): CodeIgniter\Boot::runCodeIgniter(Object(CodeIgniter\CodeIgniter))
 6 FCPATH\index.php(56): CodeIgniter\Boot::bootWeb(Object(Config\Paths))
INFO - 2024-11-28 23:00:10 --> Session: Class initialized using 'CodeIgniter\Session\Handlers\FileHandler' driver.
WARNING - 2024-11-28 23:00:17 --> [DEPRECATED] Creation of dynamic property App\Controllers\Usuarios::$validation is deprecated in APPPATH\Controllers\usuarios.php on line 19.
 1 SYSTEMPATH\CodeIgniter.php(903): App\Controllers\Usuarios->__construct()
 2 SYSTEMPATH\CodeIgniter.php(500): CodeIgniter\CodeIgniter->createController()
 3 SYSTEMPATH\CodeIgniter.php(355): CodeIgniter\CodeIgniter->handleRequest(null, Object(Config\Cache), false)
 4 SYSTEMPATH\Boot.php(325): CodeIgniter\CodeIgniter->run()
 5 SYSTEMPATH\Boot.php(67): CodeIgniter\Boot::runCodeIgniter(Object(CodeIgniter\CodeIgniter))
 6 FCPATH\index.php(56): CodeIgniter\Boot::bootWeb(Object(Config\Paths))
INFO - 2024-11-28 23:00:17 --> Session: Class initialized using 'CodeIgniter\Session\Handlers\FileHandler' driver.
WARNING - 2024-11-28 23:00:17 --> [DEPRECATED] Creation of dynamic property App\Controllers\Usuarios::$validation is deprecated in APPPATH\Controllers\usuarios.php on line 19.
 1 SYSTEMPATH\CodeIgniter.php(903): App\Controllers\Usuarios->__construct()
 2 SYSTEMPATH\CodeIgniter.php(500): CodeIgniter\CodeIgniter->createController()
 3 SYSTEMPATH\CodeIgniter.php(355): CodeIgniter\CodeIgniter->handleRequest(null, Object(Config\Cache), false)
 4 SYSTEMPATH\Boot.php(325): CodeIgniter\CodeIgniter->run()
 5 SYSTEMPATH\Boot.php(67): CodeIgniter\Boot::runCodeIgniter(Object(CodeIgniter\CodeIgniter))
 6 FCPATH\index.php(56): CodeIgniter\Boot::bootWeb(Object(Config\Paths))
INFO - 2024-11-28 23:00:17 --> Session: Class initialized using 'CodeIgniter\Session\Handlers\FileHandler' driver.
WARNING - 2024-11-28 23:00:21 --> [DEPRECATED] Creation of dynamic property App\Controllers\Usuarios::$validation is deprecated in APPPATH\Controllers\usuarios.php on line 19.
 1 SYSTEMPATH\CodeIgniter.php(903): App\Controllers\Usuarios->__construct()
 2 SYSTEMPATH\CodeIgniter.php(500): CodeIgniter\CodeIgniter->createController()
 3 SYSTEMPATH\CodeIgniter.php(355): CodeIgniter\CodeIgniter->handleRequest(null, Object(Config\Cache), false)
 4 SYSTEMPATH\Boot.php(325): CodeIgniter\CodeIgniter->run()
 5 SYSTEMPATH\Boot.php(67): CodeIgniter\Boot::runCodeIgniter(Object(CodeIgniter\CodeIgniter))
 6 FCPATH\index.php(56): CodeIgniter\Boot::bootWeb(Object(Config\Paths))
INFO - 2024-11-28 23:00:21 --> Session: Class initialized using 'CodeIgniter\Session\Handlers\FileHandler' driver.
WARNING - 2024-11-28 23:00:21 --> [DEPRECATED] Creation of dynamic property App\Controllers\Usuarios::$validation is deprecated in APPPATH\Controllers\usuarios.php on line 19.
 1 SYSTEMPATH\CodeIgniter.php(903): App\Controllers\Usuarios->__construct()
 2 SYSTEMPATH\CodeIgniter.php(500): CodeIgniter\CodeIgniter->createController()
 3 SYSTEMPATH\CodeIgniter.php(355): CodeIgniter\CodeIgniter->handleRequest(null, Object(Config\Cache), false)
 4 SYSTEMPATH\Boot.php(325): CodeIgniter\CodeIgniter->run()
 5 SYSTEMPATH\Boot.php(67): CodeIgniter\Boot::runCodeIgniter(Object(CodeIgniter\CodeIgniter))
 6 FCPATH\index.php(56): CodeIgniter\Boot::bootWeb(Object(Config\Paths))
INFO - 2024-11-28 23:00:21 --> Session: Class initialized using 'CodeIgniter\Session\Handlers\FileHandler' driver.
WARNING - 2024-11-28 23:00:21 --> [DEPRECATED] Creation of dynamic property App\Controllers\Usuarios::$validation is deprecated in APPPATH\Controllers\usuarios.php on line 19.
 1 SYSTEMPATH\CodeIgniter.php(903): App\Controllers\Usuarios->__construct()
 2 SYSTEMPATH\CodeIgniter.php(500): CodeIgniter\CodeIgniter->createController()
 3 SYSTEMPATH\CodeIgniter.php(355): CodeIgniter\CodeIgniter->handleRequest(null, Object(Config\Cache), false)
 4 SYSTEMPATH\Boot.php(325): CodeIgniter\CodeIgniter->run()
 5 SYSTEMPATH\Boot.php(67): CodeIgniter\Boot::runCodeIgniter(Object(CodeIgniter\CodeIgniter))
 6 FCPATH\index.php(56): CodeIgniter\Boot::bootWeb(Object(Config\Paths))
INFO - 2024-11-28 23:00:21 --> Session: Class initialized using 'CodeIgniter\Session\Handlers\FileHandler' driver.
WARNING - 2024-11-28 23:00:21 --> [DEPRECATED] Creation of dynamic property App\Controllers\Usuarios::$validation is deprecated in APPPATH\Controllers\usuarios.php on line 19.
 1 SYSTEMPATH\CodeIgniter.php(903): App\Controllers\Usuarios->__construct()
 2 SYSTEMPATH\CodeIgniter.php(500): CodeIgniter\CodeIgniter->createController()
 3 SYSTEMPATH\CodeIgniter.php(355): CodeIgniter\CodeIgniter->handleRequest(null, Object(Config\Cache), false)
 4 SYSTEMPATH\Boot.php(325): CodeIgniter\CodeIgniter->run()
 5 SYSTEMPATH\Boot.php(67): CodeIgniter\Boot::runCodeIgniter(Object(CodeIgniter\CodeIgniter))
 6 FCPATH\index.php(56): CodeIgniter\Boot::bootWeb(Object(Config\Paths))
INFO - 2024-11-28 23:00:21 --> Session: Class initialized using 'CodeIgniter\Session\Handlers\FileHandler' driver.
WARNING - 2024-11-28 23:00:21 --> [DEPRECATED] Creation of dynamic property App\Controllers\Usuarios::$validation is deprecated in APPPATH\Controllers\usuarios.php on line 19.
 1 SYSTEMPATH\CodeIgniter.php(903): App\Controllers\Usuarios->__construct()
 2 SYSTEMPATH\CodeIgniter.php(500): CodeIgniter\CodeIgniter->createController()
 3 SYSTEMPATH\CodeIgniter.php(355): CodeIgniter\CodeIgniter->handleRequest(null, Object(Config\Cache), false)
 4 SYSTEMPATH\Boot.php(325): CodeIgniter\CodeIgniter->run()
 5 SYSTEMPATH\Boot.php(67): CodeIgniter\Boot::runCodeIgniter(Object(CodeIgniter\CodeIgniter))
 6 FCPATH\index.php(56): CodeIgniter\Boot::bootWeb(Object(Config\Paths))
WARNING - 2024-11-28 23:00:21 --> [DEPRECATED] Creation of dynamic property App\Controllers\Usuarios::$validation is deprecated in APPPATH\Controllers\usuarios.php on line 19.
 1 SYSTEMPATH\CodeIgniter.php(903): App\Controllers\Usuarios->__construct()
 2 SYSTEMPATH\CodeIgniter.php(500): CodeIgniter\CodeIgniter->createController()
 3 SYSTEMPATH\CodeIgniter.php(355): CodeIgniter\CodeIgniter->handleRequest(null, Object(Config\Cache), false)
 4 SYSTEMPATH\Boot.php(325): CodeIgniter\CodeIgniter->run()
 5 SYSTEMPATH\Boot.php(67): CodeIgniter\Boot::runCodeIgniter(Object(CodeIgniter\CodeIgniter))
 6 FCPATH\index.php(56): CodeIgniter\Boot::bootWeb(Object(Config\Paths))
INFO - 2024-11-28 23:00:21 --> Session: Class initialized using 'CodeIgniter\Session\Handlers\FileHandler' driver.
INFO - 2024-11-28 23:00:22 --> Session: Class initialized using 'CodeIgniter\Session\Handlers\FileHandler' driver.
WARNING - 2024-11-28 23:00:22 --> [DEPRECATED] Creation of dynamic property App\Controllers\Usuarios::$validation is deprecated in APPPATH\Controllers\usuarios.php on line 19.
 1 SYSTEMPATH\CodeIgniter.php(903): App\Controllers\Usuarios->__construct()
 2 SYSTEMPATH\CodeIgniter.php(500): CodeIgniter\CodeIgniter->createController()
 3 SYSTEMPATH\CodeIgniter.php(355): CodeIgniter\CodeIgniter->handleRequest(null, Object(Config\Cache), false)
 4 SYSTEMPATH\Boot.php(325): CodeIgniter\CodeIgniter->run()
 5 SYSTEMPATH\Boot.php(67): CodeIgniter\Boot::runCodeIgniter(Object(CodeIgniter\CodeIgniter))
 6 FCPATH\index.php(56): CodeIgniter\Boot::bootWeb(Object(Config\Paths))
INFO - 2024-11-28 23:00:22 --> Session: Class initialized using 'CodeIgniter\Session\Handlers\FileHandler' driver.
WARNING - 2024-11-28 23:00:22 --> [DEPRECATED] Creation of dynamic property App\Controllers\Usuarios::$validation is deprecated in APPPATH\Controllers\usuarios.php on line 19.
 1 SYSTEMPATH\CodeIgniter.php(903): App\Controllers\Usuarios->__construct()
 2 SYSTEMPATH\CodeIgniter.php(500): CodeIgniter\CodeIgniter->createController()
 3 SYSTEMPATH\CodeIgniter.php(355): CodeIgniter\CodeIgniter->handleRequest(null, Object(Config\Cache), false)
 4 SYSTEMPATH\Boot.php(325): CodeIgniter\CodeIgniter->run()
 5 SYSTEMPATH\Boot.php(67): CodeIgniter\Boot::runCodeIgniter(Object(CodeIgniter\CodeIgniter))
 6 FCPATH\index.php(56): CodeIgniter\Boot::bootWeb(Object(Config\Paths))
INFO - 2024-11-28 23:00:22 --> Session: Class initialized using 'CodeIgniter\Session\Handlers\FileHandler' driver.
WARNING - 2024-11-28 23:00:22 --> [DEPRECATED] Creation of dynamic property App\Controllers\Usuarios::$validation is deprecated in APPPATH\Controllers\usuarios.php on line 19.
 1 SYSTEMPATH\CodeIgniter.php(903): App\Controllers\Usuarios->__construct()
 2 SYSTEMPATH\CodeIgniter.php(500): CodeIgniter\CodeIgniter->createController()
 3 SYSTEMPATH\CodeIgniter.php(355): CodeIgniter\CodeIgniter->handleRequest(null, Object(Config\Cache), false)
 4 SYSTEMPATH\Boot.php(325): CodeIgniter\CodeIgniter->run()
 5 SYSTEMPATH\Boot.php(67): CodeIgniter\Boot::runCodeIgniter(Object(CodeIgniter\CodeIgniter))
 6 FCPATH\index.php(56): CodeIgniter\Boot::bootWeb(Object(Config\Paths))
INFO - 2024-11-28 23:00:22 --> Session: Class initialized using 'CodeIgniter\Session\Handlers\FileHandler' driver.
WARNING - 2024-11-28 23:00:22 --> [DEPRECATED] Creation of dynamic property App\Controllers\Usuarios::$validation is deprecated in APPPATH\Controllers\usuarios.php on line 19.
 1 SYSTEMPATH\CodeIgniter.php(903): App\Controllers\Usuarios->__construct()
 2 SYSTEMPATH\CodeIgniter.php(500): CodeIgniter\CodeIgniter->createController()
 3 SYSTEMPATH\CodeIgniter.php(355): CodeIgniter\CodeIgniter->handleRequest(null, Object(Config\Cache), false)
 4 SYSTEMPATH\Boot.php(325): CodeIgniter\CodeIgniter->run()
 5 SYSTEMPATH\Boot.php(67): CodeIgniter\Boot::runCodeIgniter(Object(CodeIgniter\CodeIgniter))
 6 FCPATH\index.php(56): CodeIgniter\Boot::bootWeb(Object(Config\Paths))
INFO - 2024-11-28 23:00:22 --> Session: Class initialized using 'CodeIgniter\Session\Handlers\FileHandler' driver.
INFO - 2024-11-28 23:00:27 --> Session: Class initialized using 'CodeIgniter\Session\Handlers\FileHandler' driver.
INFO - 2024-11-28 23:00:27 --> Session: Class initialized using 'CodeIgniter\Session\Handlers\FileHandler' driver.
INFO - 2024-11-28 23:00:39 --> Session: Class initialized using 'CodeIgniter\Session\Handlers\FileHandler' driver.
INFO - 2024-11-28 23:00:39 --> Session: Class initialized using 'CodeIgniter\Session\Handlers\FileHandler' driver.
WARNING - 2024-11-28 23:00:43 --> [DEPRECATED] Creation of dynamic property App\Controllers\Usuarios::$validation is deprecated in APPPATH\Controllers\usuarios.php on line 19.
 1 SYSTEMPATH\CodeIgniter.php(903): App\Controllers\Usuarios->__construct()
 2 SYSTEMPATH\CodeIgniter.php(500): CodeIgniter\CodeIgniter->createController()
 3 SYSTEMPATH\CodeIgniter.php(355): CodeIgniter\CodeIgniter->handleRequest(null, Object(Config\Cache), false)
 4 SYSTEMPATH\Boot.php(325): CodeIgniter\CodeIgniter->run()
 5 SYSTEMPATH\Boot.php(67): CodeIgniter\Boot::runCodeIgniter(Object(CodeIgniter\CodeIgniter))
 6 FCPATH\index.php(56): CodeIgniter\Boot::bootWeb(Object(Config\Paths))
INFO - 2024-11-28 23:00:44 --> Session: Class initialized using 'CodeIgniter\Session\Handlers\FileHandler' driver.
WARNING - 2024-11-28 23:00:59 --> [DEPRECATED] Creation of dynamic property App\Controllers\Usuarios::$validation is deprecated in APPPATH\Controllers\usuarios.php on line 19.
 1 SYSTEMPATH\CodeIgniter.php(903): App\Controllers\Usuarios->__construct()
 2 SYSTEMPATH\CodeIgniter.php(500): CodeIgniter\CodeIgniter->createController()
 3 SYSTEMPATH\CodeIgniter.php(355): CodeIgniter\CodeIgniter->handleRequest(null, Object(Config\Cache), false)
 4 SYSTEMPATH\Boot.php(325): CodeIgniter\CodeIgniter->run()
 5 SYSTEMPATH\Boot.php(67): CodeIgniter\Boot::runCodeIgniter(Object(CodeIgniter\CodeIgniter))
 6 FCPATH\index.php(56): CodeIgniter\Boot::bootWeb(Object(Config\Paths))
INFO - 2024-11-28 23:00:59 --> Session: Class initialized using 'CodeIgniter\Session\Handlers\FileHandler' driver.
WARNING - 2024-11-28 23:00:59 --> [DEPRECATED] Creation of dynamic property App\Controllers\Usuarios::$validation is deprecated in APPPATH\Controllers\usuarios.php on line 19.
 1 SYSTEMPATH\CodeIgniter.php(903): App\Controllers\Usuarios->__construct()
 2 SYSTEMPATH\CodeIgniter.php(500): CodeIgniter\CodeIgniter->createController()
 3 SYSTEMPATH\CodeIgniter.php(355): CodeIgniter\CodeIgniter->handleRequest(null, Object(Config\Cache), false)
 4 SYSTEMPATH\Boot.php(325): CodeIgniter\CodeIgniter->run()
 5 SYSTEMPATH\Boot.php(67): CodeIgniter\Boot::runCodeIgniter(Object(CodeIgniter\CodeIgniter))
 6 FCPATH\index.php(56): CodeIgniter\Boot::bootWeb(Object(Config\Paths))
INFO - 2024-11-28 23:00:59 --> Session: Class initialized using 'CodeIgniter\Session\Handlers\FileHandler' driver.
WARNING - 2024-11-28 23:01:08 --> [DEPRECATED] Creation of dynamic property App\Controllers\Usuarios::$validation is deprecated in APPPATH\Controllers\usuarios.php on line 19.
 1 SYSTEMPATH\CodeIgniter.php(903): App\Controllers\Usuarios->__construct()
 2 SYSTEMPATH\CodeIgniter.php(500): CodeIgniter\CodeIgniter->createController()
 3 SYSTEMPATH\CodeIgniter.php(355): CodeIgniter\CodeIgniter->handleRequest(null, Object(Config\Cache), false)
 4 SYSTEMPATH\Boot.php(325): CodeIgniter\CodeIgniter->run()
 5 SYSTEMPATH\Boot.php(67): CodeIgniter\Boot::runCodeIgniter(Object(CodeIgniter\CodeIgniter))
 6 FCPATH\index.php(56): CodeIgniter\Boot::bootWeb(Object(Config\Paths))
INFO - 2024-11-28 23:01:09 --> Session: Class initialized using 'CodeIgniter\Session\Handlers\FileHandler' driver.
WARNING - 2024-11-28 23:01:09 --> [DEPRECATED] Creation of dynamic property App\Controllers\Usuarios::$validation is deprecated in APPPATH\Controllers\usuarios.php on line 19.
 1 SYSTEMPATH\CodeIgniter.php(903): App\Controllers\Usuarios->__construct()
 2 SYSTEMPATH\CodeIgniter.php(500): CodeIgniter\CodeIgniter->createController()
 3 SYSTEMPATH\CodeIgniter.php(355): CodeIgniter\CodeIgniter->handleRequest(null, Object(Config\Cache), false)
 4 SYSTEMPATH\Boot.php(325): CodeIgniter\CodeIgniter->run()
 5 SYSTEMPATH\Boot.php(67): CodeIgniter\Boot::runCodeIgniter(Object(CodeIgniter\CodeIgniter))
 6 FCPATH\index.php(56): CodeIgniter\Boot::bootWeb(Object(Config\Paths))
INFO - 2024-11-28 23:01:09 --> Session: Class initialized using 'CodeIgniter\Session\Handlers\FileHandler' driver.
INFO - 2024-11-28 23:01:23 --> Session: Class initialized using 'CodeIgniter\Session\Handlers\FileHandler' driver.
WARNING - 2024-11-28 23:01:26 --> [DEPRECATED] Creation of dynamic property App\Controllers\Usuarios::$validation is deprecated in APPPATH\Controllers\usuarios.php on line 19.
 1 SYSTEMPATH\CodeIgniter.php(903): App\Controllers\Usuarios->__construct()
 2 SYSTEMPATH\CodeIgniter.php(500): CodeIgniter\CodeIgniter->createController()
 3 SYSTEMPATH\CodeIgniter.php(355): CodeIgniter\CodeIgniter->handleRequest(null, Object(Config\Cache), false)
 4 SYSTEMPATH\Boot.php(325): CodeIgniter\CodeIgniter->run()
 5 SYSTEMPATH\Boot.php(67): CodeIgniter\Boot::runCodeIgniter(Object(CodeIgniter\CodeIgniter))
 6 FCPATH\index.php(56): CodeIgniter\Boot::bootWeb(Object(Config\Paths))
INFO - 2024-11-28 23:01:26 --> Session: Class initialized using 'CodeIgniter\Session\Handlers\FileHandler' driver.
WARNING - 2024-11-28 23:03:13 --> [DEPRECATED] Creation of dynamic property App\Controllers\Usuarios::$validation is deprecated in APPPATH\Controllers\usuarios.php on line 19.
 1 SYSTEMPATH\CodeIgniter.php(903): App\Controllers\Usuarios->__construct()
 2 SYSTEMPATH\CodeIgniter.php(500): CodeIgniter\CodeIgniter->createController()
 3 SYSTEMPATH\CodeIgniter.php(355): CodeIgniter\CodeIgniter->handleRequest(null, Object(Config\Cache), false)
 4 SYSTEMPATH\Boot.php(325): CodeIgniter\CodeIgniter->run()
 5 SYSTEMPATH\Boot.php(67): CodeIgniter\Boot::runCodeIgniter(Object(CodeIgniter\CodeIgniter))
 6 FCPATH\index.php(56): CodeIgniter\Boot::bootWeb(Object(Config\Paths))
INFO - 2024-11-28 23:03:13 --> Session: Class initialized using 'CodeIgniter\Session\Handlers\FileHandler' driver.
WARNING - 2024-11-28 23:04:34 --> [DEPRECATED] Creation of dynamic property App\Controllers\Usuarios::$validation is deprecated in APPPATH\Controllers\usuarios.php on line 19.
 1 SYSTEMPATH\CodeIgniter.php(903): App\Controllers\Usuarios->__construct()
 2 SYSTEMPATH\CodeIgniter.php(500): CodeIgniter\CodeIgniter->createController()
 3 SYSTEMPATH\CodeIgniter.php(355): CodeIgniter\CodeIgniter->handleRequest(null, Object(Config\Cache), false)
 4 SYSTEMPATH\Boot.php(325): CodeIgniter\CodeIgniter->run()
 5 SYSTEMPATH\Boot.php(67): CodeIgniter\Boot::runCodeIgniter(Object(CodeIgniter\CodeIgniter))
 6 FCPATH\index.php(56): CodeIgniter\Boot::bootWeb(Object(Config\Paths))
INFO - 2024-11-28 23:04:34 --> Session: Class initialized using 'CodeIgniter\Session\Handlers\FileHandler' driver.
WARNING - 2024-11-28 23:04:34 --> [DEPRECATED] Creation of dynamic property App\Controllers\Usuarios::$validation is deprecated in APPPATH\Controllers\usuarios.php on line 19.
 1 SYSTEMPATH\CodeIgniter.php(903): App\Controllers\Usuarios->__construct()
 2 SYSTEMPATH\CodeIgniter.php(500): CodeIgniter\CodeIgniter->createController()
 3 SYSTEMPATH\CodeIgniter.php(355): CodeIgniter\CodeIgniter->handleRequest(null, Object(Config\Cache), false)
 4 SYSTEMPATH\Boot.php(325): CodeIgniter\CodeIgniter->run()
 5 SYSTEMPATH\Boot.php(67): CodeIgniter\Boot::runCodeIgniter(Object(CodeIgniter\CodeIgniter))
 6 FCPATH\index.php(56): CodeIgniter\Boot::bootWeb(Object(Config\Paths))
INFO - 2024-11-28 23:04:34 --> Session: Class initialized using 'CodeIgniter\Session\Handlers\FileHandler' driver.
WARNING - 2024-11-28 23:05:43 --> [DEPRECATED] Creation of dynamic property App\Controllers\Usuarios::$validation is deprecated in APPPATH\Controllers\usuarios.php on line 19.
 1 SYSTEMPATH\CodeIgniter.php(903): App\Controllers\Usuarios->__construct()
 2 SYSTEMPATH\CodeIgniter.php(500): CodeIgniter\CodeIgniter->createController()
 3 SYSTEMPATH\CodeIgniter.php(355): CodeIgniter\CodeIgniter->handleRequest(null, Object(Config\Cache), false)
 4 SYSTEMPATH\Boot.php(325): CodeIgniter\CodeIgniter->run()
 5 SYSTEMPATH\Boot.php(67): CodeIgniter\Boot::runCodeIgniter(Object(CodeIgniter\CodeIgniter))
 6 FCPATH\index.php(56): CodeIgniter\Boot::bootWeb(Object(Config\Paths))
INFO - 2024-11-28 23:05:43 --> Session: Class initialized using 'CodeIgniter\Session\Handlers\FileHandler' driver.
WARNING - 2024-11-28 23:05:44 --> [DEPRECATED] Creation of dynamic property App\Controllers\Usuarios::$validation is deprecated in APPPATH\Controllers\usuarios.php on line 19.
 1 SYSTEMPATH\CodeIgniter.php(903): App\Controllers\Usuarios->__construct()
 2 SYSTEMPATH\CodeIgniter.php(500): CodeIgniter\CodeIgniter->createController()
 3 SYSTEMPATH\CodeIgniter.php(355): CodeIgniter\CodeIgniter->handleRequest(null, Object(Config\Cache), false)
 4 SYSTEMPATH\Boot.php(325): CodeIgniter\CodeIgniter->run()
 5 SYSTEMPATH\Boot.php(67): CodeIgniter\Boot::runCodeIgniter(Object(CodeIgniter\CodeIgniter))
 6 FCPATH\index.php(56): CodeIgniter\Boot::bootWeb(Object(Config\Paths))
INFO - 2024-11-28 23:05:44 --> Session: Class initialized using 'CodeIgniter\Session\Handlers\FileHandler' driver.
WARNING - 2024-11-28 23:09:24 --> [DEPRECATED] Creation of dynamic property App\Controllers\Usuarios::$validation is deprecated in APPPATH\Controllers\usuarios.php on line 20.
 1 SYSTEMPATH\CodeIgniter.php(903): App\Controllers\Usuarios->__construct()
 2 SYSTEMPATH\CodeIgniter.php(500): CodeIgniter\CodeIgniter->createController()
 3 SYSTEMPATH\CodeIgniter.php(355): CodeIgniter\CodeIgniter->handleRequest(null, Object(Config\Cache), false)
 4 SYSTEMPATH\Boot.php(325): CodeIgniter\CodeIgniter->run()
 5 SYSTEMPATH\Boot.php(67): CodeIgniter\Boot::runCodeIgniter(Object(CodeIgniter\CodeIgniter))
 6 FCPATH\index.php(56): CodeIgniter\Boot::bootWeb(Object(Config\Paths))
INFO - 2024-11-28 23:09:24 --> Session: Class initialized using 'CodeIgniter\Session\Handlers\FileHandler' driver.
WARNING - 2024-11-28 23:09:40 --> [DEPRECATED] Creation of dynamic property App\Controllers\Usuarios::$validation is deprecated in APPPATH\Controllers\usuarios.php on line 20.
 1 SYSTEMPATH\CodeIgniter.php(903): App\Controllers\Usuarios->__construct()
 2 SYSTEMPATH\CodeIgniter.php(500): CodeIgniter\CodeIgniter->createController()
 3 SYSTEMPATH\CodeIgniter.php(355): CodeIgniter\CodeIgniter->handleRequest(null, Object(Config\Cache), false)
 4 SYSTEMPATH\Boot.php(325): CodeIgniter\CodeIgniter->run()
 5 SYSTEMPATH\Boot.php(67): CodeIgniter\Boot::runCodeIgniter(Object(CodeIgniter\CodeIgniter))
 6 FCPATH\index.php(56): CodeIgniter\Boot::bootWeb(Object(Config\Paths))
INFO - 2024-11-28 23:09:40 --> Session: Class initialized using 'CodeIgniter\Session\Handlers\FileHandler' driver.
WARNING - 2024-11-28 23:09:40 --> [DEPRECATED] Creation of dynamic property App\Controllers\Usuarios::$validation is deprecated in APPPATH\Controllers\usuarios.php on line 20.
 1 SYSTEMPATH\CodeIgniter.php(903): App\Controllers\Usuarios->__construct()
 2 SYSTEMPATH\CodeIgniter.php(500): CodeIgniter\CodeIgniter->createController()
 3 SYSTEMPATH\CodeIgniter.php(355): CodeIgniter\CodeIgniter->handleRequest(null, Object(Config\Cache), false)
 4 SYSTEMPATH\Boot.php(325): CodeIgniter\CodeIgniter->run()
 5 SYSTEMPATH\Boot.php(67): CodeIgniter\Boot::runCodeIgniter(Object(CodeIgniter\CodeIgniter))
 6 FCPATH\index.php(56): CodeIgniter\Boot::bootWeb(Object(Config\Paths))
INFO - 2024-11-28 23:09:40 --> Session: Class initialized using 'CodeIgniter\Session\Handlers\FileHandler' driver.
WARNING - 2024-11-28 23:21:25 --> [DEPRECATED] Creation of dynamic property App\Controllers\Usuarios::$validation is deprecated in APPPATH\Controllers\usuarios.php on line 20.
 1 SYSTEMPATH\CodeIgniter.php(903): App\Controllers\Usuarios->__construct()
 2 SYSTEMPATH\CodeIgniter.php(500): CodeIgniter\CodeIgniter->createController()
 3 SYSTEMPATH\CodeIgniter.php(355): CodeIgniter\CodeIgniter->handleRequest(null, Object(Config\Cache), false)
 4 SYSTEMPATH\Boot.php(325): CodeIgniter\CodeIgniter->run()
 5 SYSTEMPATH\Boot.php(67): CodeIgniter\Boot::runCodeIgniter(Object(CodeIgniter\CodeIgniter))
 6 FCPATH\index.php(56): CodeIgniter\Boot::bootWeb(Object(Config\Paths))
INFO - 2024-11-28 23:21:25 --> Session: Class initialized using 'CodeIgniter\Session\Handlers\FileHandler' driver.
WARNING - 2024-11-28 23:21:25 --> [DEPRECATED] Creation of dynamic property App\Controllers\Usuarios::$validation is deprecated in APPPATH\Controllers\usuarios.php on line 20.
 1 SYSTEMPATH\CodeIgniter.php(903): App\Controllers\Usuarios->__construct()
 2 SYSTEMPATH\CodeIgniter.php(500): CodeIgniter\CodeIgniter->createController()
 3 SYSTEMPATH\CodeIgniter.php(355): CodeIgniter\CodeIgniter->handleRequest(null, Object(Config\Cache), false)
 4 SYSTEMPATH\Boot.php(325): CodeIgniter\CodeIgniter->run()
 5 SYSTEMPATH\Boot.php(67): CodeIgniter\Boot::runCodeIgniter(Object(CodeIgniter\CodeIgniter))
 6 FCPATH\index.php(56): CodeIgniter\Boot::bootWeb(Object(Config\Paths))
INFO - 2024-11-28 23:21:25 --> Session: Class initialized using 'CodeIgniter\Session\Handlers\FileHandler' driver.
WARNING - 2024-11-28 23:22:27 --> [DEPRECATED] Creation of dynamic property App\Controllers\Usuarios::$validation is deprecated in APPPATH\Controllers\usuarios.php on line 20.
 1 SYSTEMPATH\CodeIgniter.php(903): App\Controllers\Usuarios->__construct()
 2 SYSTEMPATH\CodeIgniter.php(500): CodeIgniter\CodeIgniter->createController()
 3 SYSTEMPATH\CodeIgniter.php(355): CodeIgniter\CodeIgniter->handleRequest(null, Object(Config\Cache), false)
 4 SYSTEMPATH\Boot.php(325): CodeIgniter\CodeIgniter->run()
 5 SYSTEMPATH\Boot.php(67): CodeIgniter\Boot::runCodeIgniter(Object(CodeIgniter\CodeIgniter))
 6 FCPATH\index.php(56): CodeIgniter\Boot::bootWeb(Object(Config\Paths))
INFO - 2024-11-28 23:22:27 --> Session: Class initialized using 'CodeIgniter\Session\Handlers\FileHandler' driver.
WARNING - 2024-11-28 23:22:27 --> [DEPRECATED] Creation of dynamic property App\Controllers\Usuarios::$validation is deprecated in APPPATH\Controllers\usuarios.php on line 20.
 1 SYSTEMPATH\CodeIgniter.php(903): App\Controllers\Usuarios->__construct()
 2 SYSTEMPATH\CodeIgniter.php(500): CodeIgniter\CodeIgniter->createController()
 3 SYSTEMPATH\CodeIgniter.php(355): CodeIgniter\CodeIgniter->handleRequest(null, Object(Config\Cache), false)
 4 SYSTEMPATH\Boot.php(325): CodeIgniter\CodeIgniter->run()
 5 SYSTEMPATH\Boot.php(67): CodeIgniter\Boot::runCodeIgniter(Object(CodeIgniter\CodeIgniter))
 6 FCPATH\index.php(56): CodeIgniter\Boot::bootWeb(Object(Config\Paths))
INFO - 2024-11-28 23:22:27 --> Session: Class initialized using 'CodeIgniter\Session\Handlers\FileHandler' driver.
